13 labeled  classes are found
        B-A : 32
        B-B : 178
        B-C : 496
        B-F : 841
        B-M : 300
        B-Y : 10
        I-A : 80
        I-B : 327
        I-C : 692
        I-F : 1330
        I-M : 375
        I-Y : 13
          O : 65630


Learning B-A vs B-B 0 (/home/is/daiki-ku/opt/bin/svm_learn -t 1 -d 2 -c 1 ./result/train_svm_2.svmdata.47140 ./result/train_svm_2.svmmodel.47140)
TinySVM - tiny SVM package
Copyright (C) 2000-2002 Taku Kudo, All rights reserved.

   210 examples, cache size: 420
....
Checking optimality of inactive variables  re-activated: 0

Done! 229 iterations

Number of SVs (BSVs)		77 (0)
Empirical Risk:			0 (0/210)
L1 Loss:			0
Object value:			-0.00178894
CPU Time:			00:00:00


Learning B-A vs B-C 0 (/home/is/daiki-ku/opt/bin/svm_learn -t 1 -d 2 -c 1 ./result/train_svm_2.svmdata.47140 ./result/train_svm_2.svmmodel.47140)
TinySVM - tiny SVM package
Copyright (C) 2000-2002 Taku Kudo, All rights reserved.

   528 examples, cache size: 1056
......
Checking optimality of inactive variables  re-activated: 0

Done! 312 iterations

Number of SVs (BSVs)		80 (0)
Empirical Risk:			0 (0/528)
L1 Loss:			0
Object value:			-0.00618178
CPU Time:			00:00:00


Learning B-A vs B-F 0 (/home/is/daiki-ku/opt/bin/svm_learn -t 1 -d 2 -c 1 ./result/train_svm_2.svmdata.47140 ./result/train_svm_2.svmmodel.47140)
TinySVM - tiny SVM package
Copyright (C) 2000-2002 Taku Kudo, All rights reserved.

   873 examples, cache size: 1473
.....
Checking optimality of inactive variables  re-activated: 0

Done! 270 iterations

Number of SVs (BSVs)		93 (0)
Empirical Risk:			0 (0/873)
L1 Loss:			0
Object value:			-0.00194941
CPU Time:			00:00:00


Learning B-A vs B-M 0 (/home/is/daiki-ku/opt/bin/svm_learn -t 1 -d 2 -c 1 ./result/train_svm_2.svmdata.47140 ./result/train_svm_2.svmmodel.47140)
TinySVM - tiny SVM package
Copyright (C) 2000-2002 Taku Kudo, All rights reserved.

   332 examples, cache size: 664
....
Checking optimality of inactive variables  re-activated: 0

Done! 236 iterations

Number of SVs (BSVs)		87 (0)
Empirical Risk:			0 (0/332)
L1 Loss:			0
Object value:			-0.00210836
CPU Time:			00:00:00


Learning B-A vs B-Y 0 (/home/is/daiki-ku/opt/bin/svm_learn -t 1 -d 2 -c 1 ./result/train_svm_2.svmdata.47140 ./result/train_svm_2.svmmodel.47140)
TinySVM - tiny SVM package
Copyright (C) 2000-2002 Taku Kudo, All rights reserved.

    42 examples, cache size: 84
.
Checking optimality of inactive variables  re-activated: 0

Done! 66 iterations

Number of SVs (BSVs)		23 (0)
Empirical Risk:			0 (0/42)
L1 Loss:			0
Object value:			-0.00123913
CPU Time:			00:00:00


Learning B-A vs I-A 0 (/home/is/daiki-ku/opt/bin/svm_learn -t 1 -d 2 -c 1 ./result/train_svm_2.svmdata.47140 ./result/train_svm_2.svmmodel.47140)
TinySVM - tiny SVM package
Copyright (C) 2000-2002 Taku Kudo, All rights reserved.

   112 examples, cache size: 224
...
Checking optimality of inactive variables  re-activated: 0

Done! 199 iterations

Number of SVs (BSVs)		58 (0)
Empirical Risk:			0 (0/112)
L1 Loss:			0
Object value:			-0.00127109
CPU Time:			00:00:00


Learning B-A vs I-B 0 (/home/is/daiki-ku/opt/bin/svm_learn -t 1 -d 2 -c 1 ./result/train_svm_2.svmdata.47140 ./result/train_svm_2.svmmodel.47140)
TinySVM - tiny SVM package
Copyright (C) 2000-2002 Taku Kudo, All rights reserved.

   359 examples, cache size: 718
......
Checking optimality of inactive variables  re-activated: 0

Done! 310 iterations

Number of SVs (BSVs)		128 (0)
Empirical Risk:			0 (0/359)
L1 Loss:			0
Object value:			-0.00126119
CPU Time:			00:00:00


Learning B-A vs I-C 0 (/home/is/daiki-ku/opt/bin/svm_learn -t 1 -d 2 -c 1 ./result/train_svm_2.svmdata.47140 ./result/train_svm_2.svmmodel.47140)
TinySVM - tiny SVM package
Copyright (C) 2000-2002 Taku Kudo, All rights reserved.

   724 examples, cache size: 1448
.......
Checking optimality of inactive variables  re-activated: 0

Done! 353 iterations

Number of SVs (BSVs)		149 (0)
Empirical Risk:			0 (0/724)
L1 Loss:			0
Object value:			-0.0013991
CPU Time:			00:00:00


Learning B-A vs I-F 0 (/home/is/daiki-ku/opt/bin/svm_learn -t 1 -d 2 -c 1 ./result/train_svm_2.svmdata.47140 ./result/train_svm_2.svmmodel.47140)
TinySVM - tiny SVM package
Copyright (C) 2000-2002 Taku Kudo, All rights reserved.

  1362 examples, cache size: 1746
.......
Checking optimality of inactive variables  re-activated: 0

Done! 396 iterations

Number of SVs (BSVs)		183 (0)
Empirical Risk:			0 (0/1362)
L1 Loss:			0
Object value:			-0.00132755
CPU Time:			00:00:00


Learning B-A vs I-M 0 (/home/is/daiki-ku/opt/bin/svm_learn -t 1 -d 2 -c 1 ./result/train_svm_2.svmdata.47140 ./result/train_svm_2.svmmodel.47140)
TinySVM - tiny SVM package
Copyright (C) 2000-2002 Taku Kudo, All rights reserved.

   407 examples, cache size: 814
.......
Checking optimality of inactive variables  re-activated: 0

Done! 373 iterations

Number of SVs (BSVs)		162 (0)
Empirical Risk:			0 (0/407)
L1 Loss:			0
Object value:			-0.00125666
CPU Time:			00:00:00


Learning B-A vs I-Y 0 (/home/is/daiki-ku/opt/bin/svm_learn -t 1 -d 2 -c 1 ./result/train_svm_2.svmdata.47140 ./result/train_svm_2.svmmodel.47140)
TinySVM - tiny SVM package
Copyright (C) 2000-2002 Taku Kudo, All rights reserved.

    45 examples, cache size: 90
.
Checking optimality of inactive variables  re-activated: 0

Done! 83 iterations

Number of SVs (BSVs)		30 (0)
Empirical Risk:			0 (0/45)
L1 Loss:			0
Object value:			-0.000906381
CPU Time:			00:00:00


Learning B-A vs O 0 (/home/is/daiki-ku/opt/bin/svm_learn -t 1 -d 2 -c 1 ./result/train_svm_2.svmdata.47140 ./result/train_svm_2.svmmodel.47140)
TinySVM - tiny SVM package
Copyright (C) 2000-2002 Taku Kudo, All rights reserved.

 65662 examples, cache size: 581
.............
Checking optimality of inactive variables  re-activated: 0

Done! 651 iterations

Number of SVs (BSVs)		210 (0)
Empirical Risk:			0 (0/65662)
L1 Loss:			0
Object value:			-0.00636397
CPU Time:			00:00:03


Learning B-B vs B-C 0 (/home/is/daiki-ku/opt/bin/svm_learn -t 1 -d 2 -c 1 ./result/train_svm_2.svmdata.47140 ./result/train_svm_2.svmmodel.47140)
TinySVM - tiny SVM package
Copyright (C) 2000-2002 Taku Kudo, All rights reserved.

   674 examples, cache size: 1348
....................   1000    674  1348 0.0226  81.1%  81.0%
....................   2000    672  1348 0.0014  99.2%  90.1%
...
Checking optimality of inactive variables  re-activated: 0

Done! 2160 iterations

Number of SVs (BSVs)		385 (2)
Empirical Risk:			0.00148368 (1/674)
L1 Loss:			2
Object value:			-2.07981
CPU Time:			00:00:00


Learning B-B vs B-F 0 (/home/is/daiki-ku/opt/bin/svm_learn -t 1 -d 2 -c 1 ./result/train_svm_2.svmdata.47140 ./result/train_svm_2.svmmodel.47140)
TinySVM - tiny SVM package
Copyright (C) 2000-2002 Taku Kudo, All rights reserved.

  1019 examples, cache size: 1533
....................   1000   1019  1533 0.0442  78.5%  78.5%
....................   2000   1019  1533 0.0033  99.0%  88.7%
.............
Checking optimality of inactive variables  re-activated: 0

Done! 2685 iterations

Number of SVs (BSVs)		443 (0)
Empirical Risk:			0 (0/1019)
L1 Loss:			0
Object value:			-0.100508
CPU Time:			00:00:00


Learning B-B vs B-M 0 (/home/is/daiki-ku/opt/bin/svm_learn -t 1 -d 2 -c 1 ./result/train_svm_2.svmdata.47140 ./result/train_svm_2.svmmodel.47140)
TinySVM - tiny SVM package
Copyright (C) 2000-2002 Taku Kudo, All rights reserved.

   478 examples, cache size: 956
....................   1000    478   956 0.0031  85.9%  85.8%
.....
Checking optimality of inactive variables  re-activated: 0

Done! 1264 iterations

Number of SVs (BSVs)		279 (0)
Empirical Risk:			0 (0/478)
L1 Loss:			0
Object value:			-0.039905
CPU Time:			00:00:00


Learning B-B vs B-Y 0 (/home/is/daiki-ku/opt/bin/svm_learn -t 1 -d 2 -c 1 ./result/train_svm_2.svmdata.47140 ./result/train_svm_2.svmmodel.47140)
TinySVM - tiny SVM package
Copyright (C) 2000-2002 Taku Kudo, All rights reserved.

   188 examples, cache size: 376
...
Checking optimality of inactive variables  re-activated: 0

Done! 158 iterations

Number of SVs (BSVs)		68 (0)
Empirical Risk:			0 (0/188)
L1 Loss:			0
Object value:			-0.00281246
CPU Time:			00:00:00


Learning B-B vs I-A 0 (/home/is/daiki-ku/opt/bin/svm_learn -t 1 -d 2 -c 1 ./result/train_svm_2.svmdata.47140 ./result/train_svm_2.svmmodel.47140)
TinySVM - tiny SVM package
Copyright (C) 2000-2002 Taku Kudo, All rights reserved.

   258 examples, cache size: 516
........
Checking optimality of inactive variables  re-activated: 0

Done! 419 iterations

Number of SVs (BSVs)		130 (0)
Empirical Risk:			0 (0/258)
L1 Loss:			0
Object value:			-0.00287281
CPU Time:			00:00:00


Learning B-B vs I-B 0 (/home/is/daiki-ku/opt/bin/svm_learn -t 1 -d 2 -c 1 ./result/train_svm_2.svmdata.47140 ./result/train_svm_2.svmmodel.47140)
TinySVM - tiny SVM package
Copyright (C) 2000-2002 Taku Kudo, All rights reserved.

   505 examples, cache size: 1010
...............
Checking optimality of inactive variables  re-activated: 0

Done! 769 iterations

Number of SVs (BSVs)		235 (0)
Empirical Risk:			0 (0/505)
L1 Loss:			0
Object value:			-0.0032961
CPU Time:			00:00:00


Learning B-B vs I-C 0 (/home/is/daiki-ku/opt/bin/svm_learn -t 1 -d 2 -c 1 ./result/train_svm_2.svmdata.47140 ./result/train_svm_2.svmmodel.47140)
TinySVM - tiny SVM package
Copyright (C) 2000-2002 Taku Kudo, All rights reserved.

   870 examples, cache size: 1472
...............
Checking optimality of inactive variables  re-activated: 0

Done! 776 iterations

Number of SVs (BSVs)		278 (0)
Empirical Risk:			0 (0/870)
L1 Loss:			0
Object value:			-0.00382189
CPU Time:			00:00:00


Learning B-B vs I-F 0 (/home/is/daiki-ku/opt/bin/svm_learn -t 1 -d 2 -c 1 ./result/train_svm_2.svmdata.47140 ./result/train_svm_2.svmmodel.47140)
TinySVM - tiny SVM package
Copyright (C) 2000-2002 Taku Kudo, All rights reserved.

  1508 examples, cache size: 1855
.................
Checking optimality of inactive variables  re-activated: 0

Done! 864 iterations

Number of SVs (BSVs)		328 (0)
Empirical Risk:			0 (0/1508)
L1 Loss:			0
Object value:			-0.0036244
CPU Time:			00:00:00


Learning B-B vs I-M 0 (/home/is/daiki-ku/opt/bin/svm_learn -t 1 -d 2 -c 1 ./result/train_svm_2.svmdata.47140 ./result/train_svm_2.svmmodel.47140)
TinySVM - tiny SVM package
Copyright (C) 2000-2002 Taku Kudo, All rights reserved.

   553 examples, cache size: 1106
..............
Checking optimality of inactive variables  re-activated: 0

Done! 721 iterations

Number of SVs (BSVs)		266 (0)
Empirical Risk:			0 (0/553)
L1 Loss:			0
Object value:			-0.00341935
CPU Time:			00:00:00


Learning B-B vs I-Y 0 (/home/is/daiki-ku/opt/bin/svm_learn -t 1 -d 2 -c 1 ./result/train_svm_2.svmdata.47140 ./result/train_svm_2.svmmodel.47140)
TinySVM - tiny SVM package
Copyright (C) 2000-2002 Taku Kudo, All rights reserved.

   191 examples, cache size: 382
....
Checking optimality of inactive variables  re-activated: 0

Done! 211 iterations

Number of SVs (BSVs)		92 (0)
Empirical Risk:			0 (0/191)
L1 Loss:			0
Object value:			-0.00173663
CPU Time:			00:00:00


Learning B-B vs O 0 (/home/is/daiki-ku/opt/bin/svm_learn -t 1 -d 2 -c 1 ./result/train_svm_2.svmdata.47140 ./result/train_svm_2.svmmodel.47140)
TinySVM - tiny SVM package
Copyright (C) 2000-2002 Taku Kudo, All rights reserved.

 65808 examples, cache size: 580
....................   1000  65808   580 0.0056  66.3%  66.3%
..............
Checking optimality of inactive variables  re-activated: 0

Done! 1712 iterations

Number of SVs (BSVs)		738 (0)
Empirical Risk:			0 (0/65808)
L1 Loss:			0
Object value:			-0.00813305
CPU Time:			00:00:18


Learning B-C vs B-F 0 (/home/is/daiki-ku/opt/bin/svm_learn -t 1 -d 2 -c 1 ./result/train_svm_2.svmdata.47140 ./result/train_svm_2.svmmodel.47140)
TinySVM - tiny SVM package
Copyright (C) 2000-2002 Taku Kudo, All rights reserved.

  1337 examples, cache size: 1729
....................   1000   1337  1729 2.3195  98.8%  98.8%
....................   2000   1337  1729 2.3195 100.0%  99.4%
....................   3000   1337  1729 2.3195 100.0%  99.6%
....................   4000   1337  1729 2.3336  80.1%  94.7%
....................   5000   1337  1729 2.3336 100.0%  95.8%
....................   6000   1337  1729 2.3336 100.0%  96.5%
....................   7000   1337  1729 0.6169  86.4%  95.0%
....................   8000   1335  1729 0.1651  92.4%  94.7%
....................   9000   1327  1729 0.0512  97.2%  95.0%
....................  10000   1308  1729 0.0211  99.4%  95.4%
....................  11000   1279  1729 0.0098  99.7%  95.8%
....................  12000   1226  1729 0.0048 100.0%  96.2%
....................  13000   1158  1769 0.0023 100.0%  96.5%
....................  14000   1098  1813 0.0013 100.0%  96.7%

Checking optimality of inactive variables  re-activated: 0

Done! 14020 iterations

Number of SVs (BSVs)		903 (7)
Empirical Risk:			0.00299177 (4/1337)
L1 Loss:			8.0005
Object value:			-8.38514
CPU Time:			00:00:00


Learning B-C vs B-M 0 (/home/is/daiki-ku/opt/bin/svm_learn -t 1 -d 2 -c 1 ./result/train_svm_2.svmdata.47140 ./result/train_svm_2.svmmodel.47140)
TinySVM - tiny SVM package
Copyright (C) 2000-2002 Taku Kudo, All rights reserved.

   796 examples, cache size: 1454
....................   1000    796  1454 0.0280  79.2%  79.2%
....................   2000    796  1454 0.0018  99.6%  89.4%
..
Checking optimality of inactive variables  re-activated: 0

Done! 2109 iterations

Number of SVs (BSVs)		416 (0)
Empirical Risk:			0 (0/796)
L1 Loss:			0
Object value:			-0.110766
CPU Time:			00:00:00


Learning B-C vs B-Y 0 (/home/is/daiki-ku/opt/bin/svm_learn -t 1 -d 2 -c 1 ./result/train_svm_2.svmdata.47140 ./result/train_svm_2.svmmodel.47140)
TinySVM - tiny SVM package
Copyright (C) 2000-2002 Taku Kudo, All rights reserved.

   506 examples, cache size: 1012
....
Checking optimality of inactive variables  re-activated: 0

Done! 210 iterations

Number of SVs (BSVs)		72 (0)
Empirical Risk:			0 (0/506)
L1 Loss:			0
Object value:			-0.00431379
CPU Time:			00:00:00


Learning B-C vs I-A 0 (/home/is/daiki-ku/opt/bin/svm_learn -t 1 -d 2 -c 1 ./result/train_svm_2.svmdata.47140 ./result/train_svm_2.svmmodel.47140)
TinySVM - tiny SVM package
Copyright (C) 2000-2002 Taku Kudo, All rights reserved.

   576 examples, cache size: 1152
........
Checking optimality of inactive variables  re-activated: 0

Done! 431 iterations

Number of SVs (BSVs)		147 (0)
Empirical Risk:			0 (0/576)
L1 Loss:			0
Object value:			-0.00308835
CPU Time:			00:00:00


Learning B-C vs I-B 0 (/home/is/daiki-ku/opt/bin/svm_learn -t 1 -d 2 -c 1 ./result/train_svm_2.svmdata.47140 ./result/train_svm_2.svmmodel.47140)
TinySVM - tiny SVM package
Copyright (C) 2000-2002 Taku Kudo, All rights reserved.

   823 examples, cache size: 1460
................
Checking optimality of inactive variables  re-activated: 0

Done! 832 iterations

Number of SVs (BSVs)		291 (0)
Empirical Risk:			0 (0/823)
L1 Loss:			0
Object value:			-0.00370167
CPU Time:			00:00:00


Learning B-C vs I-C 0 (/home/is/daiki-ku/opt/bin/svm_learn -t 1 -d 2 -c 1 ./result/train_svm_2.svmdata.47140 ./result/train_svm_2.svmmodel.47140)
TinySVM - tiny SVM package
Copyright (C) 2000-2002 Taku Kudo, All rights reserved.

  1188 examples, cache size: 1629
....................   1000   1188  1629 0.0013  82.1%  82.1%

Checking optimality of inactive variables  re-activated: 0

Done! 1034 iterations

Number of SVs (BSVs)		355 (0)
Empirical Risk:			0 (0/1188)
L1 Loss:			0
Object value:			-0.00430551
CPU Time:			00:00:00


Learning B-C vs I-F 0 (/home/is/daiki-ku/opt/bin/svm_learn -t 1 -d 2 -c 1 ./result/train_svm_2.svmdata.47140 ./result/train_svm_2.svmmodel.47140)
TinySVM - tiny SVM package
Copyright (C) 2000-2002 Taku Kudo, All rights reserved.

  1826 examples, cache size: 2113
...................
Checking optimality of inactive variables  re-activated: 0

Done! 969 iterations

Number of SVs (BSVs)		390 (0)
Empirical Risk:			0 (0/1826)
L1 Loss:			0
Object value:			-0.00412147
CPU Time:			00:00:00


Learning B-C vs I-M 0 (/home/is/daiki-ku/opt/bin/svm_learn -t 1 -d 2 -c 1 ./result/train_svm_2.svmdata.47140 ./result/train_svm_2.svmmodel.47140)
TinySVM - tiny SVM package
Copyright (C) 2000-2002 Taku Kudo, All rights reserved.

   871 examples, cache size: 1472
.................
Checking optimality of inactive variables  re-activated: 0

Done! 899 iterations

Number of SVs (BSVs)		338 (0)
Empirical Risk:			0 (0/871)
L1 Loss:			0
Object value:			-0.00377099
CPU Time:			00:00:00


Learning B-C vs I-Y 0 (/home/is/daiki-ku/opt/bin/svm_learn -t 1 -d 2 -c 1 ./result/train_svm_2.svmdata.47140 ./result/train_svm_2.svmmodel.47140)
TinySVM - tiny SVM package
Copyright (C) 2000-2002 Taku Kudo, All rights reserved.

   509 examples, cache size: 1018
......
Checking optimality of inactive variables  re-activated: 0

Done! 327 iterations

Number of SVs (BSVs)		147 (0)
Empirical Risk:			0 (0/509)
L1 Loss:			0
Object value:			-0.00186239
CPU Time:			00:00:00


Learning B-C vs O 0 (/home/is/daiki-ku/opt/bin/svm_learn -t 1 -d 2 -c 1 ./result/train_svm_2.svmdata.47140 ./result/train_svm_2.svmmodel.47140)
TinySVM - tiny SVM package
Copyright (C) 2000-2002 Taku Kudo, All rights reserved.

 66126 examples, cache size: 577
....................   1000  66126   577 0.0123  54.4%  54.4%
....................   2000  66126   577 0.0023  52.3%  53.3%
.........
Checking optimality of inactive variables  re-activated: 0

Done! 2467 iterations

Number of SVs (BSVs)		1028 (0)
Empirical Risk:			0 (0/66126)
L1 Loss:			0
Object value:			-0.0110269
CPU Time:			00:00:41


Learning B-F vs B-M 0 (/home/is/daiki-ku/opt/bin/svm_learn -t 1 -d 2 -c 1 ./result/train_svm_2.svmdata.47140 ./result/train_svm_2.svmmodel.47140)
TinySVM - tiny SVM package
Copyright (C) 2000-2002 Taku Kudo, All rights reserved.

  1141 examples, cache size: 1600
....................   1000   1141  1600 2.0565  92.6%  92.6%
....................   2000   1141  1600 2.1677  98.2%  95.4%
....................   3000   1141  1600 2.1677 100.0%  96.9%
....................   4000   1141  1600 2.3184  98.9%  97.4%
....................   5000   1141  1600 2.3184 100.0%  97.9%
....................   6000   1141  1600 2.1584  99.7%  98.2%
....................   7000   1141  1600 2.1584 100.0%  98.5%
....................   8000   1141  1600 2.5118  99.6%  98.6%
....................   9000   1141  1600 2.5118 100.0%  98.8%
....................  10000   1141  1600 2.1239  98.8%  98.8%
....................  11000   1141  1600 2.1239 100.0%  98.9%
....................  12000   1141  1600 2.1138  99.5%  98.9%
....................  13000   1141  1600 0.3004  94.7%  98.6%
....................  14000   1135  1600 0.0172  93.7%  98.3%
....................  15000   1093  1600 0.0018  99.5%  98.3%
.....
Checking optimality of inactive variables  re-activated: 0

Done! 15257 iterations

Number of SVs (BSVs)		490 (30)
Empirical Risk:			0.0131464 (15/1141)
L1 Loss:			30
Object value:			-30.0894
CPU Time:			00:00:00


Learning B-F vs B-Y 0 (/home/is/daiki-ku/opt/bin/svm_learn -t 1 -d 2 -c 1 ./result/train_svm_2.svmdata.47140 ./result/train_svm_2.svmmodel.47140)
TinySVM - tiny SVM package
Copyright (C) 2000-2002 Taku Kudo, All rights reserved.

   851 examples, cache size: 1467
.....
Checking optimality of inactive variables  re-activated: 0

Done! 272 iterations

Number of SVs (BSVs)		105 (0)
Empirical Risk:			0 (0/851)
L1 Loss:			0
Object value:			-0.00343629
CPU Time:			00:00:00


Learning B-F vs I-A 0 (/home/is/daiki-ku/opt/bin/svm_learn -t 1 -d 2 -c 1 ./result/train_svm_2.svmdata.47140 ./result/train_svm_2.svmmodel.47140)
TinySVM - tiny SVM package
Copyright (C) 2000-2002 Taku Kudo, All rights reserved.

   921 examples, cache size: 1490
...........
Checking optimality of inactive variables  re-activated: 0

Done! 561 iterations

Number of SVs (BSVs)		178 (0)
Empirical Risk:			0 (0/921)
L1 Loss:			0
Object value:			-0.00317691
CPU Time:			00:00:00


Learning B-F vs I-B 0 (/home/is/daiki-ku/opt/bin/svm_learn -t 1 -d 2 -c 1 ./result/train_svm_2.svmdata.47140 ./result/train_svm_2.svmmodel.47140)
TinySVM - tiny SVM package
Copyright (C) 2000-2002 Taku Kudo, All rights reserved.

  1168 examples, cache size: 1616
...................
Checking optimality of inactive variables  re-activated: 0

Done! 965 iterations

Number of SVs (BSVs)		341 (0)
Empirical Risk:			0 (0/1168)
L1 Loss:			0
Object value:			-0.00364644
CPU Time:			00:00:00


Learning B-F vs I-C 0 (/home/is/daiki-ku/opt/bin/svm_learn -t 1 -d 2 -c 1 ./result/train_svm_2.svmdata.47140 ./result/train_svm_2.svmmodel.47140)
TinySVM - tiny SVM package
Copyright (C) 2000-2002 Taku Kudo, All rights reserved.

  1533 examples, cache size: 1875
....................   1000   1533  1875 0.0012  79.4%  79.4%

Checking optimality of inactive variables  re-activated: 0

Done! 1013 iterations

Number of SVs (BSVs)		405 (0)
Empirical Risk:			0 (0/1533)
L1 Loss:			0
Object value:			-0.00418681
CPU Time:			00:00:00


Learning B-F vs I-F 0 (/home/is/daiki-ku/opt/bin/svm_learn -t 1 -d 2 -c 1 ./result/train_svm_2.svmdata.47140 ./result/train_svm_2.svmmodel.47140)
TinySVM - tiny SVM package
Copyright (C) 2000-2002 Taku Kudo, All rights reserved.

  2171 examples, cache size: 2412
....................   1000   2171  2412 0.0018  78.6%  78.5%
...
Checking optimality of inactive variables  re-activated: 0

Done! 1170 iterations

Number of SVs (BSVs)		431 (0)
Empirical Risk:			0 (0/2171)
L1 Loss:			0
Object value:			-0.00399342
CPU Time:			00:00:00


Learning B-F vs I-M 0 (/home/is/daiki-ku/opt/bin/svm_learn -t 1 -d 2 -c 1 ./result/train_svm_2.svmdata.47140 ./result/train_svm_2.svmmodel.47140)
TinySVM - tiny SVM package
Copyright (C) 2000-2002 Taku Kudo, All rights reserved.

  1216 examples, cache size: 1647
....................   1000   1216  1647 0.0014  79.0%  79.0%
.
Checking optimality of inactive variables  re-activated: 0

Done! 1059 iterations

Number of SVs (BSVs)		418 (0)
Empirical Risk:			0 (0/1216)
L1 Loss:			0
Object value:			-0.00368344
CPU Time:			00:00:00


Learning B-F vs I-Y 0 (/home/is/daiki-ku/opt/bin/svm_learn -t 1 -d 2 -c 1 ./result/train_svm_2.svmdata.47140 ./result/train_svm_2.svmmodel.47140)
TinySVM - tiny SVM package
Copyright (C) 2000-2002 Taku Kudo, All rights reserved.

   854 examples, cache size: 1467
.......
Checking optimality of inactive variables  re-activated: 0

Done! 381 iterations

Number of SVs (BSVs)		181 (0)
Empirical Risk:			0 (0/854)
L1 Loss:			0
Object value:			-0.00185337
CPU Time:			00:00:00


Learning B-F vs O 0 (/home/is/daiki-ku/opt/bin/svm_learn -t 1 -d 2 -c 1 ./result/train_svm_2.svmdata.47140 ./result/train_svm_2.svmmodel.47140)
TinySVM - tiny SVM package
Copyright (C) 2000-2002 Taku Kudo, All rights reserved.

 66471 examples, cache size: 574
....................   1000  66471   574 0.0143  53.5%  53.5%
....................   2000  66471   574 0.0026  48.8%  51.1%
...........
Checking optimality of inactive variables  re-activated: 0

Done! 2570 iterations

Number of SVs (BSVs)		1093 (0)
Empirical Risk:			0 (0/66471)
L1 Loss:			0
Object value:			-0.00926207
CPU Time:			00:00:45


Learning B-M vs B-Y 0 (/home/is/daiki-ku/opt/bin/svm_learn -t 1 -d 2 -c 1 ./result/train_svm_2.svmdata.47140 ./result/train_svm_2.svmmodel.47140)
TinySVM - tiny SVM package
Copyright (C) 2000-2002 Taku Kudo, All rights reserved.

   310 examples, cache size: 620
....
Checking optimality of inactive variables  re-activated: 0

Done! 239 iterations

Number of SVs (BSVs)		77 (0)
Empirical Risk:			0 (0/310)
L1 Loss:			0
Object value:			-0.0043951
CPU Time:			00:00:00


Learning B-M vs I-A 0 (/home/is/daiki-ku/opt/bin/svm_learn -t 1 -d 2 -c 1 ./result/train_svm_2.svmdata.47140 ./result/train_svm_2.svmmodel.47140)
TinySVM - tiny SVM package
Copyright (C) 2000-2002 Taku Kudo, All rights reserved.

   380 examples, cache size: 760
........
Checking optimality of inactive variables  re-activated: 0

Done! 426 iterations

Number of SVs (BSVs)		146 (0)
Empirical Risk:			0 (0/380)
L1 Loss:			0
Object value:			-0.00280789
CPU Time:			00:00:00


Learning B-M vs I-B 0 (/home/is/daiki-ku/opt/bin/svm_learn -t 1 -d 2 -c 1 ./result/train_svm_2.svmdata.47140 ./result/train_svm_2.svmmodel.47140)
TinySVM - tiny SVM package
Copyright (C) 2000-2002 Taku Kudo, All rights reserved.

   627 examples, cache size: 1254
...............
Checking optimality of inactive variables  re-activated: 0

Done! 779 iterations

Number of SVs (BSVs)		272 (0)
Empirical Risk:			0 (0/627)
L1 Loss:			0
Object value:			-0.00343043
CPU Time:			00:00:00


Learning B-M vs I-C 0 (/home/is/daiki-ku/opt/bin/svm_learn -t 1 -d 2 -c 1 ./result/train_svm_2.svmdata.47140 ./result/train_svm_2.svmmodel.47140)
TinySVM - tiny SVM package
Copyright (C) 2000-2002 Taku Kudo, All rights reserved.

   992 examples, cache size: 1520
.................
Checking optimality of inactive variables  re-activated: 0

Done! 882 iterations

Number of SVs (BSVs)		315 (0)
Empirical Risk:			0 (0/992)
L1 Loss:			0
Object value:			-0.00394888
CPU Time:			00:00:00


Learning B-M vs I-F 0 (/home/is/daiki-ku/opt/bin/svm_learn -t 1 -d 2 -c 1 ./result/train_svm_2.svmdata.47140 ./result/train_svm_2.svmmodel.47140)
TinySVM - tiny SVM package
Copyright (C) 2000-2002 Taku Kudo, All rights reserved.

  1630 examples, cache size: 1951
..................
Checking optimality of inactive variables  re-activated: 0

Done! 903 iterations

Number of SVs (BSVs)		366 (0)
Empirical Risk:			0 (0/1630)
L1 Loss:			0
Object value:			-0.00378596
CPU Time:			00:00:00


Learning B-M vs I-M 0 (/home/is/daiki-ku/opt/bin/svm_learn -t 1 -d 2 -c 1 ./result/train_svm_2.svmdata.47140 ./result/train_svm_2.svmmodel.47140)
TinySVM - tiny SVM package
Copyright (C) 2000-2002 Taku Kudo, All rights reserved.

   675 examples, cache size: 1350
...............
Checking optimality of inactive variables  re-activated: 0

Done! 778 iterations

Number of SVs (BSVs)		284 (0)
Empirical Risk:			0 (0/675)
L1 Loss:			0
Object value:			-0.00353136
CPU Time:			00:00:00


Learning B-M vs I-Y 0 (/home/is/daiki-ku/opt/bin/svm_learn -t 1 -d 2 -c 1 ./result/train_svm_2.svmdata.47140 ./result/train_svm_2.svmmodel.47140)
TinySVM - tiny SVM package
Copyright (C) 2000-2002 Taku Kudo, All rights reserved.

   313 examples, cache size: 626
....
Checking optimality of inactive variables  re-activated: 0

Done! 241 iterations

Number of SVs (BSVs)		116 (0)
Empirical Risk:			0 (0/313)
L1 Loss:			0
Object value:			-0.00179897
CPU Time:			00:00:00


Learning B-M vs O 0 (/home/is/daiki-ku/opt/bin/svm_learn -t 1 -d 2 -c 1 ./result/train_svm_2.svmdata.47140 ./result/train_svm_2.svmmodel.47140)
TinySVM - tiny SVM package
Copyright (C) 2000-2002 Taku Kudo, All rights reserved.

 65930 examples, cache size: 579
................