13 labeled  classes are found
        B-A : 30
        B-B : 174
        B-C : 486
        B-F : 852
        B-M : 306
        B-Y : 11
        I-A : 77
        I-B : 315
        I-C : 677
        I-F : 1369
        I-M : 381
        I-Y : 15
          O : 65904


Learning B-A vs B-B 0 (/home/is/daiki-ku/opt/bin/svm_learn -t 1 -d 2 -c 1 ./result/train_svm_0.svmdata.45588 ./result/train_svm_0.svmmodel.45588)
TinySVM - tiny SVM package
Copyright (C) 2000-2002 Taku Kudo, All rights reserved.

   204 examples, cache size: 408
....
Checking optimality of inactive variables  re-activated: 0

Done! 214 iterations

Number of SVs (BSVs)		78 (0)
Empirical Risk:			0 (0/204)
L1 Loss:			0
Object value:			-0.00179732
CPU Time:			00:00:00


Learning B-A vs B-C 0 (/home/is/daiki-ku/opt/bin/svm_learn -t 1 -d 2 -c 1 ./result/train_svm_0.svmdata.45588 ./result/train_svm_0.svmmodel.45588)
TinySVM - tiny SVM package
Copyright (C) 2000-2002 Taku Kudo, All rights reserved.

   516 examples, cache size: 1032
......
Checking optimality of inactive variables  re-activated: 0

Done! 314 iterations

Number of SVs (BSVs)		87 (0)
Empirical Risk:			0 (0/516)
L1 Loss:			0
Object value:			-0.00523074
CPU Time:			00:00:00


Learning B-A vs B-F 0 (/home/is/daiki-ku/opt/bin/svm_learn -t 1 -d 2 -c 1 ./result/train_svm_0.svmdata.45588 ./result/train_svm_0.svmmodel.45588)
TinySVM - tiny SVM package
Copyright (C) 2000-2002 Taku Kudo, All rights reserved.

   882 examples, cache size: 1476
....
Checking optimality of inactive variables  re-activated: 0

Done! 240 iterations

Number of SVs (BSVs)		85 (0)
Empirical Risk:			0 (0/882)
L1 Loss:			0
Object value:			-0.00194453
CPU Time:			00:00:00


Learning B-A vs B-M 0 (/home/is/daiki-ku/opt/bin/svm_learn -t 1 -d 2 -c 1 ./result/train_svm_0.svmdata.45588 ./result/train_svm_0.svmmodel.45588)
TinySVM - tiny SVM package
Copyright (C) 2000-2002 Taku Kudo, All rights reserved.

   336 examples, cache size: 672
....
Checking optimality of inactive variables  re-activated: 0

Done! 229 iterations

Number of SVs (BSVs)		80 (0)
Empirical Risk:			0 (0/336)
L1 Loss:			0
Object value:			-0.00207842
CPU Time:			00:00:00


Learning B-A vs B-Y 0 (/home/is/daiki-ku/opt/bin/svm_learn -t 1 -d 2 -c 1 ./result/train_svm_0.svmdata.45588 ./result/train_svm_0.svmmodel.45588)
TinySVM - tiny SVM package
Copyright (C) 2000-2002 Taku Kudo, All rights reserved.

    41 examples, cache size: 82
.
Checking optimality of inactive variables  re-activated: 0

Done! 63 iterations

Number of SVs (BSVs)		23 (0)
Empirical Risk:			0 (0/41)
L1 Loss:			0
Object value:			-0.00123865
CPU Time:			00:00:00


Learning B-A vs I-A 0 (/home/is/daiki-ku/opt/bin/svm_learn -t 1 -d 2 -c 1 ./result/train_svm_0.svmdata.45588 ./result/train_svm_0.svmmodel.45588)
TinySVM - tiny SVM package
Copyright (C) 2000-2002 Taku Kudo, All rights reserved.

   107 examples, cache size: 214
...
Checking optimality of inactive variables  re-activated: 0

Done! 169 iterations

Number of SVs (BSVs)		54 (0)
Empirical Risk:			0 (0/107)
L1 Loss:			0
Object value:			-0.00127051
CPU Time:			00:00:00


Learning B-A vs I-B 0 (/home/is/daiki-ku/opt/bin/svm_learn -t 1 -d 2 -c 1 ./result/train_svm_0.svmdata.45588 ./result/train_svm_0.svmmodel.45588)
TinySVM - tiny SVM package
Copyright (C) 2000-2002 Taku Kudo, All rights reserved.

   345 examples, cache size: 690
......
Checking optimality of inactive variables  re-activated: 0

Done! 345 iterations

Number of SVs (BSVs)		138 (0)
Empirical Risk:			0 (0/345)
L1 Loss:			0
Object value:			-0.00125949
CPU Time:			00:00:00


Learning B-A vs I-C 0 (/home/is/daiki-ku/opt/bin/svm_learn -t 1 -d 2 -c 1 ./result/train_svm_0.svmdata.45588 ./result/train_svm_0.svmmodel.45588)
TinySVM - tiny SVM package
Copyright (C) 2000-2002 Taku Kudo, All rights reserved.

   707 examples, cache size: 1414
.......
Checking optimality of inactive variables  re-activated: 0

Done! 358 iterations

Number of SVs (BSVs)		156 (0)
Empirical Risk:			0 (0/707)
L1 Loss:			0
Object value:			-0.00138264
CPU Time:			00:00:00


Learning B-A vs I-F 0 (/home/is/daiki-ku/opt/bin/svm_learn -t 1 -d 2 -c 1 ./result/train_svm_0.svmdata.45588 ./result/train_svm_0.svmmodel.45588)
TinySVM - tiny SVM package
Copyright (C) 2000-2002 Taku Kudo, All rights reserved.

  1399 examples, cache size: 1773
........
Checking optimality of inactive variables  re-activated: 0

Done! 417 iterations

Number of SVs (BSVs)		189 (0)
Empirical Risk:			0 (0/1399)
L1 Loss:			0
Object value:			-0.00132211
CPU Time:			00:00:00


Learning B-A vs I-M 0 (/home/is/daiki-ku/opt/bin/svm_learn -t 1 -d 2 -c 1 ./result/train_svm_0.svmdata.45588 ./result/train_svm_0.svmmodel.45588)
TinySVM - tiny SVM package
Copyright (C) 2000-2002 Taku Kudo, All rights reserved.

   411 examples, cache size: 822
.......
Checking optimality of inactive variables  re-activated: 0

Done! 385 iterations

Number of SVs (BSVs)		174 (0)
Empirical Risk:			0 (0/411)
L1 Loss:			0
Object value:			-0.00125179
CPU Time:			00:00:00


Learning B-A vs I-Y 0 (/home/is/daiki-ku/opt/bin/svm_learn -t 1 -d 2 -c 1 ./result/train_svm_0.svmdata.45588 ./result/train_svm_0.svmmodel.45588)
TinySVM - tiny SVM package
Copyright (C) 2000-2002 Taku Kudo, All rights reserved.

    45 examples, cache size: 90
.
Checking optimality of inactive variables  re-activated: 0

Done! 91 iterations

Number of SVs (BSVs)		33 (0)
Empirical Risk:			0 (0/45)
L1 Loss:			0
Object value:			-0.000907982
CPU Time:			00:00:00


Learning B-A vs O 0 (/home/is/daiki-ku/opt/bin/svm_learn -t 1 -d 2 -c 1 ./result/train_svm_0.svmdata.45588 ./result/train_svm_0.svmmodel.45588)
TinySVM - tiny SVM package
Copyright (C) 2000-2002 Taku Kudo, All rights reserved.

 65934 examples, cache size: 579
............
Checking optimality of inactive variables  re-activated: 0

Done! 601 iterations

Number of SVs (BSVs)		207 (0)
Empirical Risk:			0 (0/65934)
L1 Loss:			0
Object value:			-0.00673959
CPU Time:			00:00:03


Learning B-B vs B-C 0 (/home/is/daiki-ku/opt/bin/svm_learn -t 1 -d 2 -c 1 ./result/train_svm_0.svmdata.45588 ./result/train_svm_0.svmmodel.45588)
TinySVM - tiny SVM package
Copyright (C) 2000-2002 Taku Kudo, All rights reserved.

   660 examples, cache size: 1320
....................   1000    660  1320 0.0126  82.1%  82.1%
................
Checking optimality of inactive variables  re-activated: 0

Done! 1827 iterations

Number of SVs (BSVs)		356 (0)
Empirical Risk:			0 (0/660)
L1 Loss:			0
Object value:			-0.0682079
CPU Time:			00:00:00


Learning B-B vs B-F 0 (/home/is/daiki-ku/opt/bin/svm_learn -t 1 -d 2 -c 1 ./result/train_svm_0.svmdata.45588 ./result/train_svm_0.svmmodel.45588)
TinySVM - tiny SVM package
Copyright (C) 2000-2002 Taku Kudo, All rights reserved.

  1026 examples, cache size: 1537
....................   1000   1026  1537 0.0405  78.8%  78.8%
....................   2000   1026  1537 0.0044  98.9%  88.8%
............
Checking optimality of inactive variables  re-activated: 0

Done! 2611 iterations

Number of SVs (BSVs)		434 (0)
Empirical Risk:			0 (0/1026)
L1 Loss:			0
Object value:			-0.0915113
CPU Time:			00:00:00


Learning B-B vs B-M 0 (/home/is/daiki-ku/opt/bin/svm_learn -t 1 -d 2 -c 1 ./result/train_svm_0.svmdata.45588 ./result/train_svm_0.svmmodel.45588)
TinySVM - tiny SVM package
Copyright (C) 2000-2002 Taku Kudo, All rights reserved.

   480 examples, cache size: 960
....................   1000    480   960 0.0049  85.2%  85.2%
.......
Checking optimality of inactive variables  re-activated: 0

Done! 1400 iterations

Number of SVs (BSVs)		293 (0)
Empirical Risk:			0 (0/480)
L1 Loss:			0
Object value:			-0.0410691
CPU Time:			00:00:00


Learning B-B vs B-Y 0 (/home/is/daiki-ku/opt/bin/svm_learn -t 1 -d 2 -c 1 ./result/train_svm_0.svmdata.45588 ./result/train_svm_0.svmmodel.45588)
TinySVM - tiny SVM package
Copyright (C) 2000-2002 Taku Kudo, All rights reserved.

   185 examples, cache size: 370
...
Checking optimality of inactive variables  re-activated: 0

Done! 191 iterations

Number of SVs (BSVs)		74 (0)
Empirical Risk:			0 (0/185)
L1 Loss:			0
Object value:			-0.00352971
CPU Time:			00:00:00


Learning B-B vs I-A 0 (/home/is/daiki-ku/opt/bin/svm_learn -t 1 -d 2 -c 1 ./result/train_svm_0.svmdata.45588 ./result/train_svm_0.svmmodel.45588)
TinySVM - tiny SVM package
Copyright (C) 2000-2002 Taku Kudo, All rights reserved.

   251 examples, cache size: 502
........
Checking optimality of inactive variables  re-activated: 0

Done! 436 iterations

Number of SVs (BSVs)		122 (0)
Empirical Risk:			0 (0/251)
L1 Loss:			0
Object value:			-0.0028979
CPU Time:			00:00:00


Learning B-B vs I-B 0 (/home/is/daiki-ku/opt/bin/svm_learn -t 1 -d 2 -c 1 ./result/train_svm_0.svmdata.45588 ./result/train_svm_0.svmmodel.45588)
TinySVM - tiny SVM package
Copyright (C) 2000-2002 Taku Kudo, All rights reserved.

   489 examples, cache size: 978
...............
Checking optimality of inactive variables  re-activated: 0

Done! 774 iterations

Number of SVs (BSVs)		236 (0)
Empirical Risk:			0 (0/489)
L1 Loss:			0
Object value:			-0.00332891
CPU Time:			00:00:00


Learning B-B vs I-C 0 (/home/is/daiki-ku/opt/bin/svm_learn -t 1 -d 2 -c 1 ./result/train_svm_0.svmdata.45588 ./result/train_svm_0.svmmodel.45588)
TinySVM - tiny SVM package
Copyright (C) 2000-2002 Taku Kudo, All rights reserved.

   851 examples, cache size: 1467
................
Checking optimality of inactive variables  re-activated: 0

Done! 834 iterations

Number of SVs (BSVs)		285 (0)
Empirical Risk:			0 (0/851)
L1 Loss:			0
Object value:			-0.0038162
CPU Time:			00:00:00


Learning B-B vs I-F 0 (/home/is/daiki-ku/opt/bin/svm_learn -t 1 -d 2 -c 1 ./result/train_svm_0.svmdata.45588 ./result/train_svm_0.svmmodel.45588)
TinySVM - tiny SVM package
Copyright (C) 2000-2002 Taku Kudo, All rights reserved.

  1543 examples, cache size: 1882
...................
Checking optimality of inactive variables  re-activated: 0

Done! 957 iterations

Number of SVs (BSVs)		352 (0)
Empirical Risk:			0 (0/1543)
L1 Loss:			0
Object value:			-0.00363673
CPU Time:			00:00:00


Learning B-B vs I-M 0 (/home/is/daiki-ku/opt/bin/svm_learn -t 1 -d 2 -c 1 ./result/train_svm_0.svmdata.45588 ./result/train_svm_0.svmmodel.45588)
TinySVM - tiny SVM package
Copyright (C) 2000-2002 Taku Kudo, All rights reserved.

   555 examples, cache size: 1110
...............
Checking optimality of inactive variables  re-activated: 0

Done! 796 iterations

Number of SVs (BSVs)		273 (0)
Empirical Risk:			0 (0/555)
L1 Loss:			0
Object value:			-0.00343071
CPU Time:			00:00:00


Learning B-B vs I-Y 0 (/home/is/daiki-ku/opt/bin/svm_learn -t 1 -d 2 -c 1 ./result/train_svm_0.svmdata.45588 ./result/train_svm_0.svmmodel.45588)
TinySVM - tiny SVM package
Copyright (C) 2000-2002 Taku Kudo, All rights reserved.

   189 examples, cache size: 378
.....
Checking optimality of inactive variables  re-activated: 0

Done! 255 iterations

Number of SVs (BSVs)		98 (0)
Empirical Risk:			0 (0/189)
L1 Loss:			0
Object value:			-0.0017606
CPU Time:			00:00:00


Learning B-B vs O 0 (/home/is/daiki-ku/opt/bin/svm_learn -t 1 -d 2 -c 1 ./result/train_svm_0.svmdata.45588 ./result/train_svm_0.svmmodel.45588)
TinySVM - tiny SVM package
Copyright (C) 2000-2002 Taku Kudo, All rights reserved.

 66078 examples, cache size: 578
....................   1000  66078   578 0.0057  66.7%  66.7%
..............
Checking optimality of inactive variables  re-activated: 0

Done! 1730 iterations

Number of SVs (BSVs)		727 (0)
Empirical Risk:			0 (0/66078)
L1 Loss:			0
Object value:			-0.00815049
CPU Time:			00:00:17


Learning B-C vs B-F 0 (/home/is/daiki-ku/opt/bin/svm_learn -t 1 -d 2 -c 1 ./result/train_svm_0.svmdata.45588 ./result/train_svm_0.svmmodel.45588)
TinySVM - tiny SVM package
Copyright (C) 2000-2002 Taku Kudo, All rights reserved.

  1338 examples, cache size: 1729
....................   1000   1338  1729 2.1916  86.8%  86.8%
....................   2000   1338  1729 2.1916 100.0%  93.4%
....................   3000   1338  1729 2.1916 100.0%  95.6%
....................   4000   1338  1729 0.4966  77.8%  91.1%
....................   5000   1333  1729 0.1092  92.4%  91.4%
....................   6000   1318  1729 0.0410  98.1%  92.5%
....................   7000   1297  1729 0.0209  99.1%  93.4%
....................   8000   1245  1729 0.0072  99.9%  94.2%
....................   9000   1180  1769 0.0034  99.9%  94.9%
....................  10000   1113  1769 0.0014 100.0%  95.4%
.......
Checking optimality of inactive variables  re-activated: 0

Done! 10371 iterations

Number of SVs (BSVs)		908 (5)
Empirical Risk:			0.00224215 (3/1338)
L1 Loss:			6.00052
Object value:			-6.37866
CPU Time:			00:00:00


Learning B-C vs B-M 0 (/home/is/daiki-ku/opt/bin/svm_learn -t 1 -d 2 -c 1 ./result/train_svm_0.svmdata.45588 ./result/train_svm_0.svmmodel.45588)
TinySVM - tiny SVM package
Copyright (C) 2000-2002 Taku Kudo, All rights reserved.

   792 examples, cache size: 1453
....................   1000    792  1453 0.0280  78.7%  78.7%
....................   2000    792  1453 0.0017  99.6%  89.2%
.
Checking optimality of inactive variables  re-activated: 0

Done! 2100 iterations

Number of SVs (BSVs)		424 (0)
Empirical Risk:			0 (0/792)
L1 Loss:			0
Object value:			-0.109089
CPU Time:			00:00:00


Learning B-C vs B-Y 0 (/home/is/daiki-ku/opt/bin/svm_learn -t 1 -d 2 -c 1 ./result/train_svm_0.svmdata.45588 ./result/train_svm_0.svmmodel.45588)
TinySVM - tiny SVM package
Copyright (C) 2000-2002 Taku Kudo, All rights reserved.

   497 examples, cache size: 994
...
Checking optimality of inactive variables  re-activated: 0

Done! 190 iterations

Number of SVs (BSVs)		78 (0)
Empirical Risk:			0 (0/497)
L1 Loss:			0
Object value:			-0.00429941
CPU Time:			00:00:00


Learning B-C vs I-A 0 (/home/is/daiki-ku/opt/bin/svm_learn -t 1 -d 2 -c 1 ./result/train_svm_0.svmdata.45588 ./result/train_svm_0.svmmodel.45588)
TinySVM - tiny SVM package
Copyright (C) 2000-2002 Taku Kudo, All rights reserved.

   563 examples, cache size: 1126
.......
Checking optimality of inactive variables  re-activated: 0

Done! 377 iterations

Number of SVs (BSVs)		139 (0)
Empirical Risk:			0 (0/563)
L1 Loss:			0
Object value:			-0.00309461
CPU Time:			00:00:00


Learning B-C vs I-B 0 (/home/is/daiki-ku/opt/bin/svm_learn -t 1 -d 2 -c 1 ./result/train_svm_0.svmdata.45588 ./result/train_svm_0.svmmodel.45588)
TinySVM - tiny SVM package
Copyright (C) 2000-2002 Taku Kudo, All rights reserved.

   801 examples, cache size: 1455
.................
Checking optimality of inactive variables  re-activated: 0

Done! 887 iterations

Number of SVs (BSVs)		301 (0)
Empirical Risk:			0 (0/801)
L1 Loss:			0
Object value:			-0.00370808
CPU Time:			00:00:00


Learning B-C vs I-C 0 (/home/is/daiki-ku/opt/bin/svm_learn -t 1 -d 2 -c 1 ./result/train_svm_0.svmdata.45588 ./result/train_svm_0.svmmodel.45588)
TinySVM - tiny SVM package
Copyright (C) 2000-2002 Taku Kudo, All rights reserved.

  1163 examples, cache size: 1613
...................
Checking optimality of inactive variables  re-activated: 0

Done! 980 iterations

Number of SVs (BSVs)		353 (0)
Empirical Risk:			0 (0/1163)
L1 Loss:			0
Object value:			-0.00425593
CPU Time:			00:00:00


Learning B-C vs I-F 0 (/home/is/daiki-ku/opt/bin/svm_learn -t 1 -d 2 -c 1 ./result/train_svm_0.svmdata.45588 ./result/train_svm_0.svmmodel.45588)
TinySVM - tiny SVM package
Copyright (C) 2000-2002 Taku Kudo, All rights reserved.

  1855 examples, cache size: 2137
....................   1000   1855  2137 0.0014  80.4%  80.4%

Checking optimality of inactive variables  re-activated: 0

Done! 1010 iterations

Number of SVs (BSVs)		387 (0)
Empirical Risk:			0 (0/1855)
L1 Loss:			0
Object value:			-0.00411419
CPU Time:			00:00:00


Learning B-C vs I-M 0 (/home/is/daiki-ku/opt/bin/svm_learn -t 1 -d 2 -c 1 ./result/train_svm_0.svmdata.45588 ./result/train_svm_0.svmmodel.45588)
TinySVM - tiny SVM package
Copyright (C) 2000-2002 Taku Kudo, All rights reserved.

   867 examples, cache size: 1471
.................
Checking optimality of inactive variables  re-activated: 0

Done! 899 iterations

Number of SVs (BSVs)		347 (0)
Empirical Risk:			0 (0/867)
L1 Loss:			0
Object value:			-0.00377205
CPU Time:			00:00:00


Learning B-C vs I-Y 0 (/home/is/daiki-ku/opt/bin/svm_learn -t 1 -d 2 -c 1 ./result/train_svm_0.svmdata.45588 ./result/train_svm_0.svmmodel.45588)
TinySVM - tiny SVM package
Copyright (C) 2000-2002 Taku Kudo, All rights reserved.

   501 examples, cache size: 1002
......
Checking optimality of inactive variables  re-activated: 0

Done! 335 iterations

Number of SVs (BSVs)		148 (0)
Empirical Risk:			0 (0/501)
L1 Loss:			0
Object value:			-0.00187825
CPU Time:			00:00:00


Learning B-C vs O 0 (/home/is/daiki-ku/opt/bin/svm_learn -t 1 -d 2 -c 1 ./result/train_svm_0.svmdata.45588 ./result/train_svm_0.svmmodel.45588)
TinySVM - tiny SVM package
Copyright (C) 2000-2002 Taku Kudo, All rights reserved.

 66390 examples, cache size: 575
....................   1000  66390   575 0.0130  54.3%  54.3%
....................   2000  66390   575 0.0025  51.5%  52.9%
.........
Checking optimality of inactive variables  re-activated: 0

Done! 2499 iterations

Number of SVs (BSVs)		1063 (0)
Empirical Risk:			0 (0/66390)
L1 Loss:			0
Object value:			-0.0108425
CPU Time:			00:00:43


Learning B-F vs B-M 0 (/home/is/daiki-ku/opt/bin/svm_learn -t 1 -d 2 -c 1 ./result/train_svm_0.svmdata.45588 ./result/train_svm_0.svmmodel.45588)
TinySVM - tiny SVM package
Copyright (C) 2000-2002 Taku Kudo, All rights reserved.

  1158 examples, cache size: 1610
....................   1000   1158  1610 2.1881  90.7%  90.7%
....................   2000   1158  1610 2.1881 100.0%  95.3%
....................   3000   1158  1610 2.2888  98.7%  96.5%
....................   4000   1158  1610 2.1003  99.9%  97.3%
....................   5000   1158  1610 2.1003 100.0%  97.8%
....................   6000   1158  1610 2.1919  99.8%  98.2%
....................   7000   1158  1610 2.1919 100.0%  98.4%
....................   8000   1158  1610 2.2574  99.8%  98.6%
....................   9000   1158  1610 2.2574 100.0%  98.8%
....................  10000   1158  1610 2.4192  99.1%  98.8%
....................  11000   1158  1610 2.2604  99.9%  98.9%
....................  12000   1158  1610 2.2604 100.0%  99.0%
....................  13000   1158  1610 2.0228  99.6%  99.0%
....................  14000   1158  1610 2.1930  99.9%  99.1%
....................  15000   1158  1610 0.2306  91.2%  98.6%
....................  16000   1147  1610 0.0126  95.7%  98.4%
....................  17000   1107  1610 0.0013  99.7%  98.5%
..
Checking optimality of inactive variables  re-activated: 0

Done! 17115 iterations

Number of SVs (BSVs)		518 (37)
Empirical Risk:			0.0164076 (19/1158)
L1 Loss:			38.0004
Object value:			-38.0882
CPU Time:			00:00:00


Learning B-F vs B-Y 0 (/home/is/daiki-ku/opt/bin/svm_learn -t 1 -d 2 -c 1 ./result/train_svm_0.svmdata.45588 ./result/train_svm_0.svmmodel.45588)
TinySVM - tiny SVM package
Copyright (C) 2000-2002 Taku Kudo, All rights reserved.

   863 examples, cache size: 1470
.....
Checking optimality of inactive variables  re-activated: 0

Done! 280 iterations

Number of SVs (BSVs)		111 (0)
Empirical Risk:			0 (0/863)
L1 Loss:			0
Object value:			-0.00348813
CPU Time:			00:00:00


Learning B-F vs I-A 0 (/home/is/daiki-ku/opt/bin/svm_learn -t 1 -d 2 -c 1 ./result/train_svm_0.svmdata.45588 ./result/train_svm_0.svmmodel.45588)
TinySVM - tiny SVM package
Copyright (C) 2000-2002 Taku Kudo, All rights reserved.

   929 examples, cache size: 1493
..........
Checking optimality of inactive variables  re-activated: 0

Done! 531 iterations

Number of SVs (BSVs)		183 (0)
Empirical Risk:			0 (0/929)
L1 Loss:			0
Object value:			-0.00317585
CPU Time:			00:00:00


Learning B-F vs I-B 0 (/home/is/daiki-ku/opt/bin/svm_learn -t 1 -d 2 -c 1 ./result/train_svm_0.svmdata.45588 ./result/train_svm_0.svmmodel.45588)
TinySVM - tiny SVM package
Copyright (C) 2000-2002 Taku Kudo, All rights reserved.

  1167 examples, cache size: 1616
..................
Checking optimality of inactive variables  re-activated: 0

Done! 926 iterations

Number of SVs (BSVs)		342 (0)
Empirical Risk:			0 (0/1167)
L1 Loss:			0
Object value:			-0.00362153
CPU Time:			00:00:00


Learning B-F vs I-C 0 (/home/is/daiki-ku/opt/bin/svm_learn -t 1 -d 2 -c 1 ./result/train_svm_0.svmdata.45588 ./result/train_svm_0.svmmodel.45588)
TinySVM - tiny SVM package
Copyright (C) 2000-2002 Taku Kudo, All rights reserved.

  1529 examples, cache size: 1871
....................   1000   1529  1871 0.0020  79.1%  79.0%
..
Checking optimality of inactive variables  re-activated: 0

Done! 1116 iterations

Number of SVs (BSVs)		412 (0)
Empirical Risk:			0 (0/1529)
L1 Loss:			0
Object value:			-0.0041518
CPU Time:			00:00:00


Learning B-F vs I-F 0 (/home/is/daiki-ku/opt/bin/svm_learn -t 1 -d 2 -c 1 ./result/train_svm_0.svmdata.45588 ./result/train_svm_0.svmmodel.45588)
TinySVM - tiny SVM package
Copyright (C) 2000-2002 Taku Kudo, All rights reserved.

  2221 examples, cache size: 2457
....................   1000   2221  2457 0.0016  78.1%  78.0%
..
Checking optimality of inactive variables  re-activated: 0

Done! 1126 iterations

Number of SVs (BSVs)		433 (0)
Empirical Risk:			0 (0/2221)
L1 Loss:			0
Object value:			-0.0040008
CPU Time:			00:00:00


Learning B-F vs I-M 0 (/home/is/daiki-ku/opt/bin/svm_learn -t 1 -d 2 -c 1 ./result/train_svm_0.svmdata.45588 ./result/train_svm_0.svmmodel.45588)
TinySVM - tiny SVM package
Copyright (C) 2000-2002 Taku Kudo, All rights reserved.

  1233 examples, cache size: 1658
....................   1000   1233  1658 0.0016  80.0%  80.0%
.
Checking optimality of inactive variables  re-activated: 0

Done! 1076 iterations

Number of SVs (BSVs)		396 (0)
Empirical Risk:			0 (0/1233)
L1 Loss:			0
Object value:			-0.00369389
CPU Time:			00:00:00


Learning B-F vs I-Y 0 (/home/is/daiki-ku/opt/bin/svm_learn -t 1 -d 2 -c 1 ./result/train_svm_0.svmdata.45588 ./result/train_svm_0.svmmodel.45588)
TinySVM - tiny SVM package
Copyright (C) 2000-2002 Taku Kudo, All rights reserved.

   867 examples, cache size: 1471
.......
Checking optimality of inactive variables  re-activated: 0

Done! 384 iterations

Number of SVs (BSVs)		182 (0)
Empirical Risk:			0 (0/867)
L1 Loss:			0
Object value:			-0.00186876
CPU Time:			00:00:00


Learning B-F vs O 0 (/home/is/daiki-ku/opt/bin/svm_learn -t 1 -d 2 -c 1 ./result/train_svm_0.svmdata.45588 ./result/train_svm_0.svmmodel.45588)
TinySVM - tiny SVM package
Copyright (C) 2000-2002 Taku Kudo, All rights reserved.

 66756 examples, cache size: 572
....................   1000  66756   572 0.0159  52.0%  52.0%
....................   2000  66756   572 0.0024  53.2%  52.6%
............
Checking optimality of inactive variables  re-activated: 0

Done! 2644 iterations

Number of SVs (BSVs)		1093 (0)
Empirical Risk:			0 (0/66756)
L1 Loss:			0
Object value:			-0.00924279
CPU Time:			00:00:46


Learning B-M vs B-Y 0 (/home/is/daiki-ku/opt/bin/svm_learn -t 1 -d 2 -c 1 ./result/train_svm_0.svmdata.45588 ./result/train_svm_0.svmmodel.45588)
TinySVM - tiny SVM package
Copyright (C) 2000-2002 Taku Kudo, All rights reserved.

   317 examples, cache size: 634
.....
Checking optimality of inactive variables  re-activated: 0

Done! 251 iterations

Number of SVs (BSVs)		80 (0)
Empirical Risk:			0 (0/317)
L1 Loss:			0
Object value:			-0.00445899
CPU Time:			00:00:00


Learning B-M vs I-A 0 (/home/is/daiki-ku/opt/bin/svm_learn -t 1 -d 2 -c 1 ./result/train_svm_0.svmdata.45588 ./result/train_svm_0.svmmodel.45588)
TinySVM - tiny SVM package
Copyright (C) 2000-2002 Taku Kudo, All rights reserved.

   383 examples, cache size: 766
........
Checking optimality of inactive variables  re-activated: 0

Done! 403 iterations

Number of SVs (BSVs)		141 (0)
Empirical Risk:			0 (0/383)
L1 Loss:			0
Object value:			-0.00281085
CPU Time:			00:00:00


Learning B-M vs I-B 0 (/home/is/daiki-ku/opt/bin/svm_learn -t 1 -d 2 -c 1 ./result/train_svm_0.svmdata.45588 ./result/train_svm_0.svmmodel.45588)
TinySVM - tiny SVM package
Copyright (C) 2000-2002 Taku Kudo, All rights reserved.

   621 examples, cache size: 1242
...............
Checking optimality of inactive variables  re-activated: 0

Done! 784 iterations

Number of SVs (BSVs)		277 (0)
Empirical Risk:			0 (0/621)
L1 Loss:			0
Object value:			-0.0034681
CPU Time:			00:00:00


Learning B-M vs I-C 0 (/home/is/daiki-ku/opt/bin/svm_learn -t 1 -d 2 -c 1 ./result/train_svm_0.svmdata.45588 ./result/train_svm_0.svmmodel.45588)
TinySVM - tiny SVM package
Copyright (C) 2000-2002 Taku Kudo, All rights reserved.

   983 examples, cache size: 1516
.................
Checking optimality of inactive variables  re-activated: 0

Done! 862 iterations

Number of SVs (BSVs)		313 (0)
Empirical Risk:			0 (0/983)
L1 Loss:			0
Object value:			-0.003931
CPU Time:			00:00:00


Learning B-M vs I-F 0 (/home/is/daiki-ku/opt/bin/svm_learn -t 1 -d 2 -c 1 ./result/train_svm_0.svmdata.45588 ./result/train_svm_0.svmmodel.45588)
TinySVM - tiny SVM package
Copyright (C) 2000-2002 Taku Kudo, All rights reserved.

  1675 examples, cache size: 1988
...................
Checking optimality of inactive variables  re-activated: 0

Done! 958 iterations

Number of SVs (BSVs)		362 (0)
Empirical Risk:			0 (0/1675)
L1 Loss:			0
Object value:			-0.00379287
CPU Time:			00:00:00


Learning B-M vs I-M 0 (/home/is/daiki-ku/opt/bin/svm_learn -t 1 -d 2 -c 1 ./result/train_svm_0.svmdata.45588 ./result/train_svm_0.svmmodel.45588)
TinySVM - tiny SVM package
Copyright (C) 2000-2002 Taku Kudo, All rights reserved.

   687 examples, cache size: 1374
................
Checking optimality of inactive variables  re-activated: 0

Done! 811 iterations

Number of SVs (BSVs)		286 (0)
Empirical Risk:			0 (0/687)
L1 Loss:			0
Object value:			-0.00353732
CPU Time:			00:00:00


Learning B-M vs I-Y 0 (/home/is/daiki-ku/opt/bin/svm_learn -t 1 -d 2 -c 1 ./result/train_svm_0.svmdata.45588 ./result/train_svm_0.svmmodel.45588)
TinySVM - tiny SVM package
Copyright (C) 2000-2002 Taku Kudo, All rights reserved.

   321 examples, cache size: 642
.....
Checking optimality of inactive variables  re-activated: 0

Done! 286 iterations

Number of SVs (BSVs)		120 (0)
Empirical Risk:			0 (0/321)
L1 Loss:			0
Object value:			-0.00181747
CPU Time:			00:00:00


Learning B-M vs O 0 (/home/is/daiki-ku/opt/bin/svm_learn -t 1 -d 2 -c 1 ./result/train_svm_0.svmdata.45588 ./result/train_svm_0.svmmodel.45588)
TinySVM - tiny SVM package
Copyright (C) 2000-2002 Taku Kudo, All rights reserved.

 66210 examples, cache size: 577
....................   1000  66210   577 0.0079  58.3%  58.3%
....................   2000  66210   577 0.0011  62.6%  60.4%

Checking optimality of inactive variables  re-activated: 0

Done! 2014 iterations

Number of SVs (BSVs)		896 (0)
Empirical Risk:			0 (0/66210)
L1 Loss:			0
Object value:			-0.00893286
CPU Time:			00:00:28


Learning B-Y vs I-A 0 (/home/is/daiki-ku/opt/bin/svm_learn -t 1 -d 2 -c 1 ./result/train_svm_0.svmdata.45588 ./result/train_svm_0.svmmodel.45588)
TinySVM - tiny SVM package
Copyright (C) 2000-2002 Taku Kudo, All rights reserved.

    88 examples, cache size: 176
...
Checking optimality of inactive variables  re-activated: 0

Done! 178 iterations

Number of SVs (BSVs)		54 (0)
Empirical Risk:			0 (0/88)
L1 Loss:			0
Object value:			-0.0013384
CPU Time:			00:00:00


Learning B-Y vs I-B 0 (/home/is/daiki-ku/opt/bin/svm_learn -t 1 -d 2 -c 1 ./result/train_svm_0.svmdata.45588 ./result/train_svm_0.svmmodel.45588)
TinySVM - tiny SVM package
Copyright (C) 2000-2002 Taku Kudo, All rights reserved.

   326 examples, cache size: 652
.....
Checking optimality of inactive variables  re-activated: 0

Done! 281 iterations

Number of SVs (BSVs)		121 (0)
Empirical Risk:			0 (0/326)
L1 Loss:			0
Object value:			-0.00146655
CPU Time:			00:00:00


Learning B-Y vs I-C 0 (/home/is/daiki-ku/opt/bin/svm_learn -t 1 -d 2 -c 1 ./result/train_svm_0.svmdata.45588 ./result/train_svm_0.svmmodel.45588)
TinySVM - tiny SVM package
Copyright (C) 2000-2002 Taku Kudo, All rights reserved.

   688 examples, cache size: 1376
......
Checking optimality of inactive variables  re-activated: 0

Done! 308 iterations

Number of SVs (BSVs)		139 (0)
Empirical Risk:			0 (0/688)
L1 Loss:			0
Object value:			-0.00158848
CPU Time:			00:00:00


Learning B-Y vs I-F 0 (/home/is/daiki-ku/opt/bin/svm_learn -t 1 -d 2 -c 1 ./result/train_svm_0.svmdata.45588 ./result/train_svm_0.svmmodel.45588)
TinySVM - tiny SVM package
Copyright (C) 2000-2002 Taku Kudo, All rights reserved.

  1380 examples, cache size: 1759
.......
Checking optimality of inactive variables  re-activated: 0

Done! 392 iterations

Number of SVs (BSVs)		200 (0)
Empirical Risk:			0 (0/1380)
L1 Loss:			0
Object value:			-0.00154861
CPU Time:			00:00:00


Learning B-Y vs I-M 0 (/home/is/daiki-ku/opt/bin/svm_learn -t 1 -d 2 -c 1 ./result/train_svm_0.svmdata.45588 ./result/train_svm_0.svmmodel.45588)
TinySVM - tiny SVM package
Copyright (C) 2000-2002 Taku Kudo, All rights reserved.

   392 examples, cache size: 784
......
Checking optimality of inactive variables  re-activated: 0

Done! 326 iterations

Number of SVs (BSVs)		149 (0)
Empirical Risk:			0 (0/392)
L1 Loss:			0
Object value:			-0.00149815
CPU Time:			00:00:00


Learning B-Y vs I-Y 0 (/home/is/daiki-ku/opt/bin/svm_learn -t 1 -d 2 -c 1 ./result/train_svm_0.svmdata.45588 ./result/train_svm_0.svmmodel.45588)
TinySVM - tiny SVM package
Copyright (C) 2000-2002 Taku Kudo, All rights reserved.

    26 examples, cache size: 52
.
Checking optimality of inactive variables  re-activated: 0

Done! 58 iterations

Number of SVs (BSVs)		25 (0)
Empirical Risk:			0 (0/26)
L1 Loss:			0
Object value:			-0.00107915
CPU Time:			00:00:00


Learning B-Y vs O 0 (/home/is/daiki-ku/opt/bin/svm_learn -t 1 -d 2 -c 1 ./result/train_svm_0.svmdata.45588 ./result/train_svm_0.svmmodel.45588)
TinySVM - tiny SVM package
Copyright (C) 2000-2002 Taku Kudo, All rights reserved.

 65915 examples, cache size: 579
....
Checking optimality of inactive variables  re-activated: 0

Done! 237 iterations

Number of SVs (BSVs)		128 (0)
Empirical Risk:			0 (0/65915)
L1 Loss:			0
Object value:			-0.00372925
CPU Time:			00:00:02


Learning I-A vs I-B 0 (/home/is/daiki-ku/opt/bin/svm_learn -t 1 -d 2 -c 1 ./result/train_svm_0.svmdata.45588 ./result/train_svm_0.svmmodel.45588)
TinySVM - tiny SVM package
Copyright (C) 2000-2002 Taku Kudo, All rights reserved.

   392 examples, cache size: 784
...............
Checking optimality of inactive variables  re-activated: 0

Done! 799 iterations

Number of SVs (BSVs)		183 (0)
Empirical Risk:			0 (0/392)
L1 Loss:			0
Object value:			-0.00872968
CPU Time:			00:00:00


Learning I-A vs I-C 0 (/home/is/daiki-ku/opt/bin/svm_learn -t 1 -d 2 -c 1 ./result/train_svm_0.svmdata.45588 ./result/train_svm_0.svmmodel.45588)
TinySVM - tiny SVM package
Copyright (C) 2000-2002 Taku Kudo, All rights reserved.

   754 examples, cache size: 1449
....................   1000    754  1449 0.0014  88.6%  88.6%
.
Checking optimality of inactive variables  re-activated: 0

Done! 1059 iterations

Number of SVs (BSVs)		225 (0)
Empirical Risk:			0 (0/754)
L1 Loss:			0
Object value:			-0.0120777
CPU Time:			00:00:00


Learning I-A vs I-F 0 (/home/is/daiki-ku/opt/bin/svm_learn -t 1 -d 2 -c 1 ./result/train_svm_0.svmdata.45588 ./result/train_svm_0.svmmodel.45588)
TinySVM - tiny SVM package
Copyright (C) 2000-2002 Taku Kudo, All rights reserved.

  1446 examples, cache size: 1808
....................   1000   1446  1808 0.0028  83.8%  83.8%
.......
Checking optimality of inactive variables  re-activated: 0

Done! 1387 iterations

Number of SVs (BSVs)		334 (0)
Empirical Risk:			0 (0/1446)
L1 Loss:			0
Object value:			-0.0112061
CPU Time:			00:00:00


Learning I-A vs I-M 0 (/home/is/daiki-ku/opt/bin/svm_learn -t 1 -d 2 -c 1 ./result/train_svm_0.svmdata.45588 ./result/train_svm_0.svmmodel.45588)
TinySVM - tiny SVM package
Copyright (C) 2000-2002 Taku Kudo, All rights reserved.

   458 examples, cache size: 916
...............
Checking optimality of inactive variables  re-activated: 0

Done! 790 iterations

Number of SVs (BSVs)		218 (0)
Empirical Risk:			0 (0/458)
L1 Loss:			0
Object value:			-0.0064954
CPU Time:			00:00:00


Learning I-A vs I-Y 0 (/home/is/daiki-ku/opt/bin/svm_learn -t 1 -d 2 -c 1 ./result/train_svm_0.svmdata.45588 ./result/train_svm_0.svmmodel.45588)
TinySVM - tiny SVM package
Copyright (C) 2000-2002 Taku Kudo, All rights reserved.

    92 examples, cache size: 184
....
Checking optimality of inactive variables  re-activated: 0

Done! 213 iterations

Number of SVs (BSVs)		57 (0)
Empirical Risk:			0 (0/92)
L1 Loss:			0
Object value:			-0.00215139
CPU Time:			00:00:00


Learning I-A vs O 0 (/home/is/daiki-ku/opt/bin/svm_learn -t 1 -d 2 -c 1 ./result/train_svm_0.svmdata.45588 ./result/train_svm_0.svmmodel.45588)
TinySVM - tiny SVM package
Copyright (C) 2000-2002 Taku Kudo, All rights reserved.

 65981 examples, cache size: 579
...................
Checking optimality of inactive variables  re-activated: 0

Done! 999 iterations

Number of SVs (BSVs)		336 (0)
Empirical Risk:			0 (0/65981)
L1 Loss:			0
Object value:			-0.0099825
CPU Time:			00:00:06


Learning I-B vs I-C 0 (/home/is/daiki-ku/opt/bin/svm_learn -t 1 -d 2 -c 1 ./result/train_svm_0.svmdata.45588 ./result/train_svm_0.svmmodel.45588)
TinySVM - tiny SVM package
Copyright (C) 2000-2002 Taku Kudo, All rights reserved.

   992 examples, cache size: 1520
....................   1000    992  1520 0.0214  74.5%  74.5%
....................   2000    992  1520 0.0031  98.3%  86.4%
.............
Checking optimality of inactive variables  re-activated: 0

Done! 2667 iterations

Number of SVs (BSVs)		545 (0)
Empirical Risk:			0 (0/992)
L1 Loss:			0
Object value:			-0.0226991
CPU Time:			00:00:00


Learning I-B vs I-F 0 (/home/is/daiki-ku/opt/bin/svm_learn -t 1 -d 2 -c 1 ./result/train_svm_0.svmdata.45588 ./result/train_svm_0.svmmodel.45588)
TinySVM - tiny SVM package
Copyright (C) 2000-2002 Taku Kudo, All rights reserved.

  1684 examples, cache size: 1995
....................   1000   1684  1995 0.0296  70.0%  70.0%
....................   2000   1684  1995 0.0108  93.6%  81.8%
....................   3000   1684  1995 0.0051  98.2%  87.2%
....................   4000   1684  1995 0.0030  99.0%  90.2%
....................   5000   1684  1995 0.0017  99.4%  92.0%
.............
Checking optimality of inactive variables  re-activated: 0

Done! 5686 iterations

Number of SVs (BSVs)		780 (0)
Empirical Risk:			0 (0/1684)
L1 Loss:			0
Object value:			-0.0267191
CPU Time:			00:00:00


Learning I-B vs I-M 0 (/home/is/daiki-ku/opt/bin/svm_learn -t 1 -d 2 -c 1 ./result/train_svm_0.svmdata.45588 ./result/train_svm_0.svmmodel.45588)
TinySVM - tiny SVM package
Copyright (C) 2000-2002 Taku Kudo, All rights reserved.

   696 examples, cache size: 1392
....................   1000    696  1392 0.0142  78.1%  78.1%
....................   2000    696  1392 0.0022  98.8%  88.5%
......
Checking optimality of inactive variables  re-activated: 0

Done! 2325 iterations

Number of SVs (BSVs)		457 (0)
Empirical Risk:			0 (0/696)
L1 Loss:			0
Object value:			-0.0205491
CPU Time:			00:00:00


Learning I-B vs I-Y 0 (/home/is/daiki-ku/opt/bin/svm_learn -t 1 -d 2 -c 1 ./result/train_svm_0.svmdata.45588 ./result/train_svm_0.svmmodel.45588)
TinySVM - tiny SVM package
Copyright (C) 2000-2002 Taku Kudo, All rights reserved.

   330 examples, cache size: 660
.....
Checking optimality of inactive variables  re-activated: 0

Done! 288 iterations

Number of SVs (BSVs)		104 (0)
Empirical Risk:			0 (0/330)
L1 Loss:			0
Object value:			-0.00322016
CPU Time:			00:00:00


Learning I-B vs O 0 (/home/is/daiki-ku/opt/bin/svm_learn -t 1 -d 2 -c 1 ./result/train_svm_0.svmdata.45588 ./result/train_svm_0.svmmodel.45588)
TinySVM - tiny SVM package
Copyright (C) 2000-2002 Taku Kudo, All rights reserved.

 66219 examples, cache size: 577
....................   1000  66219   577 0.0142  68.9%  68.9%
....................   2000  66219   577 0.0029  90.3%  79.6%
.........
Checking optimality of inactive variables  re-activated: 0

Done! 2465 iterations

Number of SVs (BSVs)		675 (0)
Empirical Risk:			0 (0/66219)
L1 Loss:			0
Object value:			-0.017618
CPU Time:			00:00:17


Learning I-C vs I-F 0 (/home/is/daiki-ku/opt/bin/svm_learn -t 1 -d 2 -c 1 ./result/train_svm_0.svmdata.45588 ./result/train_svm_0.svmmodel.45588)
TinySVM - tiny SVM package
Copyright (C) 2000-2002 Taku Kudo, All rights reserved.

  2046 examples, cache size: 2302
....................   1000   2046  2302 0.0430  61.1%  61.1%
....................   2000   2046  2302 0.0129  91.7%  76.4%
....................   3000   2046  2302 0.0053  97.1%  83.3%
....................   4000   2046  2302 0.0030  98.7%  87.2%
....................   5000   2046  2302 0.0015  99.2%  89.6%
........
Checking optimality of inactive variables  re-activated: 0

Done! 5405 iterations

Number of SVs (BSVs)		1019 (0)
Empirical Risk:			0 (0/2046)
L1 Loss:			0
Object value:			-0.029579
CPU Time:			00:00:00


Learning I-C vs I-M 0 (/home/is/daiki-ku/opt/bin/svm_learn -t 1 -d 2 -c 1 ./result/train_svm_0.svmdata.45588 ./result/train_svm_0.svmmodel.45588)
TinySVM - tiny SVM package
Copyright (C) 2000-2002 Taku Kudo, All rights reserved.

  1058 examples, cache size: 1553
....................   1000   1058  1553 0.0235  73.3%  73.3%
....................   2000   1058  1553 0.0046  98.4%  85.8%
...................
Checking optimality of inactive variables  re-activated: 0

Done! 2982 iterations

Number of SVs (BSVs)		565 (0)
Empirical Risk:			0 (0/1058)
L1 Loss:			0
Object value:			-0.0246545
CPU Time:			00:00:00


Learning I-C vs I-Y 0 (/home/is/daiki-ku/opt/bin/svm_learn -t 1 -d 2 -c 1 ./result/train_svm_0.svmdata.45588 ./result/train_svm_0.svmmodel.45588)
TinySVM - tiny SVM package
Copyright (C) 2000-2002 Taku Kudo, All rights reserved.

   692 examples, cache size: 1384
......
Checking optimality of inactive variables  re-activated: 0

Done! 325 iterations

Number of SVs (BSVs)		130 (0)
Empirical Risk:			0 (0/692)
L1 Loss:			0
Object value:			-0.00532678
CPU Time:			00:00:00


Learning I-C vs O 0 (/home/is/daiki-ku/opt/bin/svm_learn -t 1 -d 2 -c 1 ./result/train_svm_0.svmdata.45588 ./result/train_svm_0.svmmodel.45588)
TinySVM - tiny SVM package
Copyright (C) 2000-2002 Taku Kudo, All rights reserved.

 66581 examples, cache size: 573
....................   1000  66581   573 0.0268  58.1%  58.1%
....................   2000  66581   573 0.0056  65.8%  62.0%
....................   3000  66438   573 0.0015  63.1%  62.3%
......
Checking optimality of inactive variables  re-activated: 0

Done! 3305 iterations

Number of SVs (BSVs)		917 (0)
Empirical Risk:			0 (0/66581)
L1 Loss:			0
Object value:			-0.0224679
CPU Time:			00:00:45


Learning I-F vs I-M 0 (/home/is/daiki-ku/opt/bin/svm_learn -t 1 -d 2 -c 1 ./result/train_svm_0.svmdata.45588 ./result/train_svm_0.svmmodel.45588)
TinySVM - tiny SVM package
Copyright (C) 2000-2002 Taku Kudo, All rights reserved.

  1750 examples, cache size: 2049
....................   1000   1750  2049 0.0322  72.0%  72.0%
....................   2000   1750  2049 0.0087  95.5%  83.8%
....................   3000   1750  2049 0.0044  98.6%  88.7%
....................   4000   1750  2049 0.0025  99.5%  91.4%
....................   5000   1750  2049 0.0014  99.8%  93.1%
......
Checking optimality of inactive variables  re-activated: 0

Done! 5343 iterations

Number of SVs (BSVs)		674 (0)
Empirical Risk:			0 (0/1750)
L1 Loss:			0
Object value:			-0.0274084
CPU Time:			00:00:00


Learning I-F vs I-Y 0 (/home/is/daiki-ku/opt/bin/svm_learn -t 1 -d 2 -c 1 ./result/train_svm_0.svmdata.45588 ./result/train_svm_0.svmmodel.45588)
TinySVM - tiny SVM package
Copyright (C) 2000-2002 Taku Kudo, All rights reserved.

  1384 examples, cache size: 1762
........
Checking optimality of inactive variables  re-activated: 0

Done! 405 iterations

Number of SVs (BSVs)		156 (0)
Empirical Risk:			0 (0/1384)
L1 Loss:			0
Object value:			-0.00502631
CPU Time:			00:00:00


Learning I-F vs O 0 (/home/is/daiki-ku/opt/bin/svm_learn -t 1 -d 2 -c 1 ./result/train_svm_0.svmdata.45588 ./result/train_svm_0.svmmodel.45588)
TinySVM - tiny SVM package
Copyright (C) 2000-2002 Taku Kudo, All rights reserved.

 67273 examples, cache size: 568
....................   1000  67273   568 0.0363  48.7%  48.6%
....................   2000  67273   568 0.0077  51.2%  49.9%
....................   3000  66991   568 0.0027  46.5%  48.8%
....................   4000  60080   626 0.0013  50.7%  49.2%
..
Checking optimality of inactive variables  re-activated: 0

Done! 4105 iterations

Number of SVs (BSVs)		1217 (0)
Empirical Risk:			0 (0/67273)
L1 Loss:			0
Object value:			-0.0226552
CPU Time:			00:01:16


Learning I-M vs I-Y 0 (/home/is/daiki-ku/opt/bin/svm_learn -t 1 -d 2 -c 1 ./result/train_svm_0.svmdata.45588 ./result/train_svm_0.svmmodel.45588)
TinySVM - tiny SVM package
Copyright (C) 2000-2002 Taku Kudo, All rights reserved.

   396 examples, cache size: 792
......
Checking optimality of inactive variables  re-activated: 0

Done! 310 iterations

Number of SVs (BSVs)		105 (0)
Empirical Risk:			0 (0/396)
L1 Loss:			0
Object value:			-0.00550804
CPU Time:			00:00:00


Learning I-M vs O 0 (/home/is/daiki-ku/opt/bin/svm_learn -t 1 -d 2 -c 1 ./result/train_svm_0.svmdata.45588 ./result/train_svm_0.svmmodel.45588)
TinySVM - tiny SVM package
Copyright (C) 2000-2002 Taku Kudo, All rights reserved.

 66285 examples, cache size: 576
....................   1000  66285   576 0.0134  65.7%  65.7%
....................   2000  66285   576 0.0021  81.9%  73.8%
........
Checking optimality of inactive variables  re-activated: 0

Done! 2411 iterations

Number of SVs (BSVs)		730 (0)
Empirical Risk:			0 (0/66285)
L1 Loss:			0
Object value:			-0.0165288
CPU Time:			00:00:23


Learning I-Y vs O 0 (/home/is/daiki-ku/opt/bin/svm_learn -t 1 -d 2 -c 1 ./result/train_svm_0.svmdata.45588 ./result/train_svm_0.svmmodel.45588)
TinySVM - tiny SVM package
Copyright (C) 2000-2002 Taku Kudo, All rights reserved.

 65919 examples, cache size: 579
......
Checking optimality of inactive variables  re-activated: 0

Done! 344 iterations

Number of SVs (BSVs)		164 (0)
Empirical Risk:			0 (0/65919)
L1 Loss:			0
Object value:			-0.00487438
CPU Time:			00:00:03
