13 labeled  classes are found
        B-A : 31
        B-B : 172
        B-C : 508
        B-F : 840
        B-M : 299
        B-Y : 10
        I-A : 83
        I-B : 312
        I-C : 697
        I-F : 1337
        I-M : 374
        I-Y : 14
          O : 65944


Learning B-A vs B-B 0 (/home/is/daiki-ku/opt/bin/svm_learn -t 1 -d 2 -c 1 ./result/train_svm_6.svmdata.39811 ./result/train_svm_6.svmmodel.39811)
TinySVM - tiny SVM package
Copyright (C) 2000-2002 Taku Kudo, All rights reserved.

   203 examples, cache size: 406
....
Checking optimality of inactive variables  re-activated: 0

Done! 227 iterations

Number of SVs (BSVs)		78 (0)
Empirical Risk:			0 (0/203)
L1 Loss:			0
Object value:			-0.00179572
CPU Time:			00:00:00


Learning B-A vs B-C 0 (/home/is/daiki-ku/opt/bin/svm_learn -t 1 -d 2 -c 1 ./result/train_svm_6.svmdata.39811 ./result/train_svm_6.svmmodel.39811)
TinySVM - tiny SVM package
Copyright (C) 2000-2002 Taku Kudo, All rights reserved.

   539 examples, cache size: 1078
......
Checking optimality of inactive variables  re-activated: 0

Done! 313 iterations

Number of SVs (BSVs)		85 (0)
Empirical Risk:			0 (0/539)
L1 Loss:			0
Object value:			-0.00589286
CPU Time:			00:00:00


Learning B-A vs B-F 0 (/home/is/daiki-ku/opt/bin/svm_learn -t 1 -d 2 -c 1 ./result/train_svm_6.svmdata.39811 ./result/train_svm_6.svmmodel.39811)
TinySVM - tiny SVM package
Copyright (C) 2000-2002 Taku Kudo, All rights reserved.

   871 examples, cache size: 1472
.....
Checking optimality of inactive variables  re-activated: 0

Done! 266 iterations

Number of SVs (BSVs)		102 (0)
Empirical Risk:			0 (0/871)
L1 Loss:			0
Object value:			-0.0019241
CPU Time:			00:00:00


Learning B-A vs B-M 0 (/home/is/daiki-ku/opt/bin/svm_learn -t 1 -d 2 -c 1 ./result/train_svm_6.svmdata.39811 ./result/train_svm_6.svmmodel.39811)
TinySVM - tiny SVM package
Copyright (C) 2000-2002 Taku Kudo, All rights reserved.

   330 examples, cache size: 660
....
Checking optimality of inactive variables  re-activated: 0

Done! 213 iterations

Number of SVs (BSVs)		75 (0)
Empirical Risk:			0 (0/330)
L1 Loss:			0
Object value:			-0.0020666
CPU Time:			00:00:00


Learning B-A vs B-Y 0 (/home/is/daiki-ku/opt/bin/svm_learn -t 1 -d 2 -c 1 ./result/train_svm_6.svmdata.39811 ./result/train_svm_6.svmmodel.39811)
TinySVM - tiny SVM package
Copyright (C) 2000-2002 Taku Kudo, All rights reserved.

    41 examples, cache size: 82
.
Checking optimality of inactive variables  re-activated: 0

Done! 71 iterations

Number of SVs (BSVs)		25 (0)
Empirical Risk:			0 (0/41)
L1 Loss:			0
Object value:			-0.00122892
CPU Time:			00:00:00


Learning B-A vs I-A 0 (/home/is/daiki-ku/opt/bin/svm_learn -t 1 -d 2 -c 1 ./result/train_svm_6.svmdata.39811 ./result/train_svm_6.svmmodel.39811)
TinySVM - tiny SVM package
Copyright (C) 2000-2002 Taku Kudo, All rights reserved.

   114 examples, cache size: 228
...
Checking optimality of inactive variables  re-activated: 0

Done! 191 iterations

Number of SVs (BSVs)		59 (0)
Empirical Risk:			0 (0/114)
L1 Loss:			0
Object value:			-0.00127443
CPU Time:			00:00:00


Learning B-A vs I-B 0 (/home/is/daiki-ku/opt/bin/svm_learn -t 1 -d 2 -c 1 ./result/train_svm_6.svmdata.39811 ./result/train_svm_6.svmmodel.39811)
TinySVM - tiny SVM package
Copyright (C) 2000-2002 Taku Kudo, All rights reserved.

   343 examples, cache size: 686
......
Checking optimality of inactive variables  re-activated: 0

Done! 345 iterations

Number of SVs (BSVs)		127 (0)
Empirical Risk:			0 (0/343)
L1 Loss:			0
Object value:			-0.00125579
CPU Time:			00:00:00


Learning B-A vs I-C 0 (/home/is/daiki-ku/opt/bin/svm_learn -t 1 -d 2 -c 1 ./result/train_svm_6.svmdata.39811 ./result/train_svm_6.svmmodel.39811)
TinySVM - tiny SVM package
Copyright (C) 2000-2002 Taku Kudo, All rights reserved.

   728 examples, cache size: 1448
.......
Checking optimality of inactive variables  re-activated: 0

Done! 387 iterations

Number of SVs (BSVs)		159 (0)
Empirical Risk:			0 (0/728)
L1 Loss:			0
Object value:			-0.00139514
CPU Time:			00:00:00


Learning B-A vs I-F 0 (/home/is/daiki-ku/opt/bin/svm_learn -t 1 -d 2 -c 1 ./result/train_svm_6.svmdata.39811 ./result/train_svm_6.svmmodel.39811)
TinySVM - tiny SVM package
Copyright (C) 2000-2002 Taku Kudo, All rights reserved.

  1368 examples, cache size: 1751
.......
Checking optimality of inactive variables  re-activated: 0

Done! 392 iterations

Number of SVs (BSVs)		179 (0)
Empirical Risk:			0 (0/1368)
L1 Loss:			0
Object value:			-0.00132713
CPU Time:			00:00:00


Learning B-A vs I-M 0 (/home/is/daiki-ku/opt/bin/svm_learn -t 1 -d 2 -c 1 ./result/train_svm_6.svmdata.39811 ./result/train_svm_6.svmmodel.39811)
TinySVM - tiny SVM package
Copyright (C) 2000-2002 Taku Kudo, All rights reserved.

   405 examples, cache size: 810
.......
Checking optimality of inactive variables  re-activated: 0

Done! 397 iterations

Number of SVs (BSVs)		167 (0)
Empirical Risk:			0 (0/405)
L1 Loss:			0
Object value:			-0.00125729
CPU Time:			00:00:00


Learning B-A vs I-Y 0 (/home/is/daiki-ku/opt/bin/svm_learn -t 1 -d 2 -c 1 ./result/train_svm_6.svmdata.39811 ./result/train_svm_6.svmmodel.39811)
TinySVM - tiny SVM package
Copyright (C) 2000-2002 Taku Kudo, All rights reserved.

    45 examples, cache size: 90
.
Checking optimality of inactive variables  re-activated: 0

Done! 82 iterations

Number of SVs (BSVs)		29 (0)
Empirical Risk:			0 (0/45)
L1 Loss:			0
Object value:			-0.000901719
CPU Time:			00:00:00


Learning B-A vs O 0 (/home/is/daiki-ku/opt/bin/svm_learn -t 1 -d 2 -c 1 ./result/train_svm_6.svmdata.39811 ./result/train_svm_6.svmmodel.39811)
TinySVM - tiny SVM package
Copyright (C) 2000-2002 Taku Kudo, All rights reserved.

 65975 examples, cache size: 579
...........
Checking optimality of inactive variables  re-activated: 0

Done! 600 iterations

Number of SVs (BSVs)		197 (0)
Empirical Risk:			0 (0/65975)
L1 Loss:			0
Object value:			-0.00676238
CPU Time:			00:00:03


Learning B-B vs B-C 0 (/home/is/daiki-ku/opt/bin/svm_learn -t 1 -d 2 -c 1 ./result/train_svm_6.svmdata.39811 ./result/train_svm_6.svmmodel.39811)
TinySVM - tiny SVM package
Copyright (C) 2000-2002 Taku Kudo, All rights reserved.

   680 examples, cache size: 1360
....................   1000    680  1360 0.0217  82.1%  82.0%
....................   2000    679  1360 0.0013  99.2%  90.7%
.
Checking optimality of inactive variables  re-activated: 0

Done! 2083 iterations

Number of SVs (BSVs)		368 (2)
Empirical Risk:			0.00147059 (1/680)
L1 Loss:			2
Object value:			-2.07555
CPU Time:			00:00:00


Learning B-B vs B-F 0 (/home/is/daiki-ku/opt/bin/svm_learn -t 1 -d 2 -c 1 ./result/train_svm_6.svmdata.39811 ./result/train_svm_6.svmmodel.39811)
TinySVM - tiny SVM package
Copyright (C) 2000-2002 Taku Kudo, All rights reserved.

  1012 examples, cache size: 1530
....................   1000   1012  1530 0.0278  78.8%  78.8%
....................   2000   1012  1530 0.0042  99.2%  89.0%
..........
Checking optimality of inactive variables  re-activated: 0

Done! 2541 iterations

Number of SVs (BSVs)		429 (0)
Empirical Risk:			0 (0/1012)
L1 Loss:			0
Object value:			-0.0936625
CPU Time:			00:00:00


Learning B-B vs B-M 0 (/home/is/daiki-ku/opt/bin/svm_learn -t 1 -d 2 -c 1 ./result/train_svm_6.svmdata.39811 ./result/train_svm_6.svmmodel.39811)
TinySVM - tiny SVM package
Copyright (C) 2000-2002 Taku Kudo, All rights reserved.

   471 examples, cache size: 942
....................   1000    471   942 0.0049  85.6%  85.6%
.......
Checking optimality of inactive variables  re-activated: 0

Done! 1392 iterations

Number of SVs (BSVs)		286 (0)
Empirical Risk:			0 (0/471)
L1 Loss:			0
Object value:			-0.0401337
CPU Time:			00:00:00


Learning B-B vs B-Y 0 (/home/is/daiki-ku/opt/bin/svm_learn -t 1 -d 2 -c 1 ./result/train_svm_6.svmdata.39811 ./result/train_svm_6.svmmodel.39811)
TinySVM - tiny SVM package
Copyright (C) 2000-2002 Taku Kudo, All rights reserved.

   182 examples, cache size: 364
...
Checking optimality of inactive variables  re-activated: 0

Done! 178 iterations

Number of SVs (BSVs)		76 (0)
Empirical Risk:			0 (0/182)
L1 Loss:			0
Object value:			-0.00274452
CPU Time:			00:00:00


Learning B-B vs I-A 0 (/home/is/daiki-ku/opt/bin/svm_learn -t 1 -d 2 -c 1 ./result/train_svm_6.svmdata.39811 ./result/train_svm_6.svmmodel.39811)
TinySVM - tiny SVM package
Copyright (C) 2000-2002 Taku Kudo, All rights reserved.

   255 examples, cache size: 510
........
Checking optimality of inactive variables  re-activated: 0

Done! 423 iterations

Number of SVs (BSVs)		127 (0)
Empirical Risk:			0 (0/255)
L1 Loss:			0
Object value:			-0.00288914
CPU Time:			00:00:00


Learning B-B vs I-B 0 (/home/is/daiki-ku/opt/bin/svm_learn -t 1 -d 2 -c 1 ./result/train_svm_6.svmdata.39811 ./result/train_svm_6.svmmodel.39811)
TinySVM - tiny SVM package
Copyright (C) 2000-2002 Taku Kudo, All rights reserved.

   484 examples, cache size: 968
.................
Checking optimality of inactive variables  re-activated: 0

Done! 888 iterations

Number of SVs (BSVs)		241 (0)
Empirical Risk:			0 (0/484)
L1 Loss:			0
Object value:			-0.00326675
CPU Time:			00:00:00


Learning B-B vs I-C 0 (/home/is/daiki-ku/opt/bin/svm_learn -t 1 -d 2 -c 1 ./result/train_svm_6.svmdata.39811 ./result/train_svm_6.svmmodel.39811)
TinySVM - tiny SVM package
Copyright (C) 2000-2002 Taku Kudo, All rights reserved.

   869 examples, cache size: 1472
.................
Checking optimality of inactive variables  re-activated: 0

Done! 867 iterations

Number of SVs (BSVs)		280 (0)
Empirical Risk:			0 (0/869)
L1 Loss:			0
Object value:			-0.00379337
CPU Time:			00:00:00


Learning B-B vs I-F 0 (/home/is/daiki-ku/opt/bin/svm_learn -t 1 -d 2 -c 1 ./result/train_svm_6.svmdata.39811 ./result/train_svm_6.svmmodel.39811)
TinySVM - tiny SVM package
Copyright (C) 2000-2002 Taku Kudo, All rights reserved.

  1509 examples, cache size: 1856
...................
Checking optimality of inactive variables  re-activated: 0

Done! 952 iterations

Number of SVs (BSVs)		330 (0)
Empirical Risk:			0 (0/1509)
L1 Loss:			0
Object value:			-0.00359382
CPU Time:			00:00:00


Learning B-B vs I-M 0 (/home/is/daiki-ku/opt/bin/svm_learn -t 1 -d 2 -c 1 ./result/train_svm_6.svmdata.39811 ./result/train_svm_6.svmmodel.39811)
TinySVM - tiny SVM package
Copyright (C) 2000-2002 Taku Kudo, All rights reserved.

   546 examples, cache size: 1092
................
Checking optimality of inactive variables  re-activated: 0

Done! 808 iterations

Number of SVs (BSVs)		279 (0)
Empirical Risk:			0 (0/546)
L1 Loss:			0
Object value:			-0.00340043
CPU Time:			00:00:00


Learning B-B vs I-Y 0 (/home/is/daiki-ku/opt/bin/svm_learn -t 1 -d 2 -c 1 ./result/train_svm_6.svmdata.39811 ./result/train_svm_6.svmmodel.39811)
TinySVM - tiny SVM package
Copyright (C) 2000-2002 Taku Kudo, All rights reserved.

   186 examples, cache size: 372
....
Checking optimality of inactive variables  re-activated: 0

Done! 216 iterations

Number of SVs (BSVs)		85 (0)
Empirical Risk:			0 (0/186)
L1 Loss:			0
Object value:			-0.00170262
CPU Time:			00:00:00


Learning B-B vs O 0 (/home/is/daiki-ku/opt/bin/svm_learn -t 1 -d 2 -c 1 ./result/train_svm_6.svmdata.39811 ./result/train_svm_6.svmmodel.39811)
TinySVM - tiny SVM package
Copyright (C) 2000-2002 Taku Kudo, All rights reserved.

 66116 examples, cache size: 577
....................   1000  66116   577 0.0060  65.8%  65.8%
................
Checking optimality of inactive variables  re-activated: 0

Done! 1805 iterations

Number of SVs (BSVs)		731 (0)
Empirical Risk:			0 (0/66116)
L1 Loss:			0
Object value:			-0.00813375
CPU Time:			00:00:18


Learning B-C vs B-F 0 (/home/is/daiki-ku/opt/bin/svm_learn -t 1 -d 2 -c 1 ./result/train_svm_6.svmdata.39811 ./result/train_svm_6.svmmodel.39811)
TinySVM - tiny SVM package
Copyright (C) 2000-2002 Taku Kudo, All rights reserved.

  1348 examples, cache size: 1736
....................   1000   1348  1736 2.4342  98.4%  98.4%
....................   2000   1348  1736 2.4342 100.0%  99.2%
....................   3000   1348  1736 2.4342 100.0%  99.5%
....................   4000   1348  1736 2.2672  87.2%  96.4%
....................   5000   1348  1736 2.2672 100.0%  97.1%
....................   6000   1348  1736 2.2672 100.0%  97.6%
....................   7000   1348  1736 0.7329  79.5%  95.0%
....................   8000   1346  1736 0.1804  92.8%  94.7%
....................   9000   1336  1736 0.0533  97.7%  95.0%
....................  10000   1314  1736 0.0197  99.0%  95.4%
....................  11000   1275  1736 0.0091  99.6%  95.8%
....................  12000   1225  1775 0.0054 100.0%  96.2%
....................  13000   1170  1775 0.0019 100.0%  96.5%
....................  14000   1095  1818 0.0012 100.0%  96.7%

Checking optimality of inactive variables  re-activated: 0

Done! 14014 iterations

Number of SVs (BSVs)		907 (7)
Empirical Risk:			0.00296736 (4/1348)
L1 Loss:			8.00034
Object value:			-8.39039
CPU Time:			00:00:00


Learning B-C vs B-M 0 (/home/is/daiki-ku/opt/bin/svm_learn -t 1 -d 2 -c 1 ./result/train_svm_6.svmdata.39811 ./result/train_svm_6.svmmodel.39811)
TinySVM - tiny SVM package
Copyright (C) 2000-2002 Taku Kudo, All rights reserved.

   807 examples, cache size: 1456
....................   1000    807  1456 0.0324  78.6%  78.5%
....................   2000    807  1456 0.0022  99.5%  89.0%
.....
Checking optimality of inactive variables  re-activated: 0

Done! 2270 iterations

Number of SVs (BSVs)		427 (0)
Empirical Risk:			0 (0/807)
L1 Loss:			0
Object value:			-0.108771
CPU Time:			00:00:00


Learning B-C vs B-Y 0 (/home/is/daiki-ku/opt/bin/svm_learn -t 1 -d 2 -c 1 ./result/train_svm_6.svmdata.39811 ./result/train_svm_6.svmmodel.39811)
TinySVM - tiny SVM package
Copyright (C) 2000-2002 Taku Kudo, All rights reserved.

   518 examples, cache size: 1036
...
Checking optimality of inactive variables  re-activated: 0

Done! 192 iterations

Number of SVs (BSVs)		76 (0)
Empirical Risk:			0 (0/518)
L1 Loss:			0
Object value:			-0.00404484
CPU Time:			00:00:00


Learning B-C vs I-A 0 (/home/is/daiki-ku/opt/bin/svm_learn -t 1 -d 2 -c 1 ./result/train_svm_6.svmdata.39811 ./result/train_svm_6.svmmodel.39811)
TinySVM - tiny SVM package
Copyright (C) 2000-2002 Taku Kudo, All rights reserved.

   591 examples, cache size: 1182
.......
Checking optimality of inactive variables  re-activated: 0

Done! 396 iterations

Number of SVs (BSVs)		141 (0)
Empirical Risk:			0 (0/591)
L1 Loss:			0
Object value:			-0.00307256
CPU Time:			00:00:00


Learning B-C vs I-B 0 (/home/is/daiki-ku/opt/bin/svm_learn -t 1 -d 2 -c 1 ./result/train_svm_6.svmdata.39811 ./result/train_svm_6.svmmodel.39811)
TinySVM - tiny SVM package
Copyright (C) 2000-2002 Taku Kudo, All rights reserved.

   820 examples, cache size: 1459
...............
Checking optimality of inactive variables  re-activated: 0

Done! 799 iterations

Number of SVs (BSVs)		273 (0)
Empirical Risk:			0 (0/820)
L1 Loss:			0
Object value:			-0.00366129
CPU Time:			00:00:00


Learning B-C vs I-C 0 (/home/is/daiki-ku/opt/bin/svm_learn -t 1 -d 2 -c 1 ./result/train_svm_6.svmdata.39811 ./result/train_svm_6.svmmodel.39811)
TinySVM - tiny SVM package
Copyright (C) 2000-2002 Taku Kudo, All rights reserved.

  1205 examples, cache size: 1640
....................   1000   1205  1640 0.0011  81.7%  81.7%

Checking optimality of inactive variables  re-activated: 0

Done! 1036 iterations

Number of SVs (BSVs)		363 (0)
Empirical Risk:			0 (0/1205)
L1 Loss:			0
Object value:			-0.00427555
CPU Time:			00:00:00


Learning B-C vs I-F 0 (/home/is/daiki-ku/opt/bin/svm_learn -t 1 -d 2 -c 1 ./result/train_svm_6.svmdata.39811 ./result/train_svm_6.svmmodel.39811)
TinySVM - tiny SVM package
Copyright (C) 2000-2002 Taku Kudo, All rights reserved.

  1845 examples, cache size: 2129
..................
Checking optimality of inactive variables  re-activated: 0

Done! 942 iterations

Number of SVs (BSVs)		377 (0)
Empirical Risk:			0 (0/1845)
L1 Loss:			0
Object value:			-0.00410253
CPU Time:			00:00:00


Learning B-C vs I-M 0 (/home/is/daiki-ku/opt/bin/svm_learn -t 1 -d 2 -c 1 ./result/train_svm_6.svmdata.39811 ./result/train_svm_6.svmmodel.39811)
TinySVM - tiny SVM package
Copyright (C) 2000-2002 Taku Kudo, All rights reserved.

   882 examples, cache size: 1476
.................
Checking optimality of inactive variables  re-activated: 0

Done! 888 iterations

Number of SVs (BSVs)		332 (0)
Empirical Risk:			0 (0/882)
L1 Loss:			0
Object value:			-0.00376621
CPU Time:			00:00:00


Learning B-C vs I-Y 0 (/home/is/daiki-ku/opt/bin/svm_learn -t 1 -d 2 -c 1 ./result/train_svm_6.svmdata.39811 ./result/train_svm_6.svmmodel.39811)
TinySVM - tiny SVM package
Copyright (C) 2000-2002 Taku Kudo, All rights reserved.

   522 examples, cache size: 1044
......
Checking optimality of inactive variables  re-activated: 0

Done! 331 iterations

Number of SVs (BSVs)		150 (0)
Empirical Risk:			0 (0/522)
L1 Loss:			0
Object value:			-0.00185749
CPU Time:			00:00:00


Learning B-C vs O 0 (/home/is/daiki-ku/opt/bin/svm_learn -t 1 -d 2 -c 1 ./result/train_svm_6.svmdata.39811 ./result/train_svm_6.svmmodel.39811)
TinySVM - tiny SVM package
Copyright (C) 2000-2002 Taku Kudo, All rights reserved.

 66452 examples, cache size: 575
....................   1000  66452   575 0.0118  54.2%  54.2%
....................   2000  66452   575 0.0023  51.1%  52.7%
.........
Checking optimality of inactive variables  re-activated: 0

Done! 2495 iterations

Number of SVs (BSVs)		1059 (0)
Empirical Risk:			0 (0/66452)
L1 Loss:			0
Object value:			-0.0109669
CPU Time:			00:00:47


Learning B-F vs B-M 0 (/home/is/daiki-ku/opt/bin/svm_learn -t 1 -d 2 -c 1 ./result/train_svm_6.svmdata.39811 ./result/train_svm_6.svmmodel.39811)
TinySVM - tiny SVM package
Copyright (C) 2000-2002 Taku Kudo, All rights reserved.

  1139 examples, cache size: 1599
....................   1000   1139  1599 2.0902  92.6%  92.5%
....................   2000   1139  1599 2.5731  97.7%  95.1%
....................   3000   1139  1599 2.5731 100.0%  96.7%
....................   4000   1139  1599 2.2469  99.9%  97.5%
....................   5000   1139  1599 2.2469 100.0%  98.0%
....................   6000   1139  1599 2.2102  99.8%  98.3%
....................   7000   1139  1599 2.2102 100.0%  98.5%
....................   8000   1139  1599 2.1869 100.0%  98.7%
....................   9000   1139  1599 2.1869 100.0%  98.9%
....................  10000   1139  1599 2.1854  99.9%  99.0%
....................  11000   1139  1599 2.0793  99.8%  99.0%
....................  12000   1139  1599 2.0793 100.0%  99.1%
....................  13000   1139  1599 2.2444  99.5%  99.2%
....................  14000   1139  1599 2.2444 100.0%  99.2%
....................  15000   1139  1599 0.2134  89.8%  98.6%
....................  16000   1139  1599 0.0126  95.3%  98.4%
....................  17000   1115  1599 0.0015  99.6%  98.5%
..
Checking optimality of inactive variables  re-activated: 0

Done! 17117 iterations

Number of SVs (BSVs)		515 (36)
Empirical Risk:			0.0158033 (18/1139)
L1 Loss:			36
Object value:			-36.0862
CPU Time:			00:00:00


Learning B-F vs B-Y 0 (/home/is/daiki-ku/opt/bin/svm_learn -t 1 -d 2 -c 1 ./result/train_svm_6.svmdata.39811 ./result/train_svm_6.svmmodel.39811)
TinySVM - tiny SVM package
Copyright (C) 2000-2002 Taku Kudo, All rights reserved.

   850 examples, cache size: 1466
.....
Checking optimality of inactive variables  re-activated: 0

Done! 254 iterations

Number of SVs (BSVs)		111 (0)
Empirical Risk:			0 (0/850)
L1 Loss:			0
Object value:			-0.00335059
CPU Time:			00:00:00


Learning B-F vs I-A 0 (/home/is/daiki-ku/opt/bin/svm_learn -t 1 -d 2 -c 1 ./result/train_svm_6.svmdata.39811 ./result/train_svm_6.svmmodel.39811)
TinySVM - tiny SVM package
Copyright (C) 2000-2002 Taku Kudo, All rights reserved.

   923 examples, cache size: 1491
...........
Checking optimality of inactive variables  re-activated: 0

Done! 557 iterations

Number of SVs (BSVs)		179 (0)
Empirical Risk:			0 (0/923)
L1 Loss:			0
Object value:			-0.00318213
CPU Time:			00:00:00


Learning B-F vs I-B 0 (/home/is/daiki-ku/opt/bin/svm_learn -t 1 -d 2 -c 1 ./result/train_svm_6.svmdata.39811 ./result/train_svm_6.svmmodel.39811)
TinySVM - tiny SVM package
Copyright (C) 2000-2002 Taku Kudo, All rights reserved.

  1152 examples, cache size: 1607
..................
Checking optimality of inactive variables  re-activated: 0

Done! 930 iterations

Number of SVs (BSVs)		331 (0)
Empirical Risk:			0 (0/1152)
L1 Loss:			0
Object value:			-0.00361729
CPU Time:			00:00:00


Learning B-F vs I-C 0 (/home/is/daiki-ku/opt/bin/svm_learn -t 1 -d 2 -c 1 ./result/train_svm_6.svmdata.39811 ./result/train_svm_6.svmmodel.39811)
TinySVM - tiny SVM package
Copyright (C) 2000-2002 Taku Kudo, All rights reserved.

  1537 examples, cache size: 1878
....................   1000   1537  1878 0.0013  79.3%  79.3%
.
Checking optimality of inactive variables  re-activated: 0

Done! 1076 iterations

Number of SVs (BSVs)		406 (0)
Empirical Risk:			0 (0/1537)
L1 Loss:			0
Object value:			-0.00416437
CPU Time:			00:00:00


Learning B-F vs I-F 0 (/home/is/daiki-ku/opt/bin/svm_learn -t 1 -d 2 -c 1 ./result/train_svm_6.svmdata.39811 ./result/train_svm_6.svmmodel.39811)
TinySVM - tiny SVM package
Copyright (C) 2000-2002 Taku Kudo, All rights reserved.

  2177 examples, cache size: 2417
....................   1000   2177  2417 0.0016  78.6%  78.5%
..
Checking optimality of inactive variables  re-activated: 0

Done! 1118 iterations

Number of SVs (BSVs)		422 (0)
Empirical Risk:			0 (0/2177)
L1 Loss:			0
Object value:			-0.00398139
CPU Time:			00:00:00


Learning B-F vs I-M 0 (/home/is/daiki-ku/opt/bin/svm_learn -t 1 -d 2 -c 1 ./result/train_svm_6.svmdata.39811 ./result/train_svm_6.svmmodel.39811)
TinySVM - tiny SVM package
Copyright (C) 2000-2002 Taku Kudo, All rights reserved.

  1214 examples, cache size: 1645
....................   1000   1214  1645 0.0015  79.4%  79.3%
..
Checking optimality of inactive variables  re-activated: 0

Done! 1138 iterations

Number of SVs (BSVs)		409 (0)
Empirical Risk:			0 (0/1214)
L1 Loss:			0
Object value:			-0.00367828
CPU Time:			00:00:00


Learning B-F vs I-Y 0 (/home/is/daiki-ku/opt/bin/svm_learn -t 1 -d 2 -c 1 ./result/train_svm_6.svmdata.39811 ./result/train_svm_6.svmmodel.39811)
TinySVM - tiny SVM package
Copyright (C) 2000-2002 Taku Kudo, All rights reserved.

   854 examples, cache size: 1467
.......
Checking optimality of inactive variables  re-activated: 0

Done! 389 iterations

Number of SVs (BSVs)		184 (0)
Empirical Risk:			0 (0/854)
L1 Loss:			0
Object value:			-0.00184822
CPU Time:			00:00:00


Learning B-F vs O 0 (/home/is/daiki-ku/opt/bin/svm_learn -t 1 -d 2 -c 1 ./result/train_svm_6.svmdata.39811 ./result/train_svm_6.svmmodel.39811)
TinySVM - tiny SVM package
Copyright (C) 2000-2002 Taku Kudo, All rights reserved.

 66784 examples, cache size: 572
....................   1000  66784   572 0.0116  53.1%  53.0%
....................   2000  66784   572 0.0025  53.2%  53.1%
..............
Checking optimality of inactive variables  re-activated: 0

Done! 2748 iterations

Number of SVs (BSVs)		1083 (0)
Empirical Risk:			0 (0/66784)
L1 Loss:			0
Object value:			-0.00923401
CPU Time:			00:00:46


Learning B-M vs B-Y 0 (/home/is/daiki-ku/opt/bin/svm_learn -t 1 -d 2 -c 1 ./result/train_svm_6.svmdata.39811 ./result/train_svm_6.svmmodel.39811)
TinySVM - tiny SVM package
Copyright (C) 2000-2002 Taku Kudo, All rights reserved.

   309 examples, cache size: 618
....
Checking optimality of inactive variables  re-activated: 0

Done! 219 iterations

Number of SVs (BSVs)		83 (0)
Empirical Risk:			0 (0/309)
L1 Loss:			0
Object value:			-0.00429567
CPU Time:			00:00:00


Learning B-M vs I-A 0 (/home/is/daiki-ku/opt/bin/svm_learn -t 1 -d 2 -c 1 ./result/train_svm_6.svmdata.39811 ./result/train_svm_6.svmmodel.39811)
TinySVM - tiny SVM package
Copyright (C) 2000-2002 Taku Kudo, All rights reserved.

   382 examples, cache size: 764
.......
Checking optimality of inactive variables  re-activated: 0

Done! 376 iterations

Number of SVs (BSVs)		139 (0)
Empirical Risk:			0 (0/382)
L1 Loss:			0
Object value:			-0.00281553
CPU Time:			00:00:00


Learning B-M vs I-B 0 (/home/is/daiki-ku/opt/bin/svm_learn -t 1 -d 2 -c 1 ./result/train_svm_6.svmdata.39811 ./result/train_svm_6.svmmodel.39811)
TinySVM - tiny SVM package
Copyright (C) 2000-2002 Taku Kudo, All rights reserved.

   611 examples, cache size: 1222
...............
Checking optimality of inactive variables  re-activated: 0

Done! 789 iterations

Number of SVs (BSVs)		263 (0)
Empirical Risk:			0 (0/611)
L1 Loss:			0
Object value:			-0.00339953
CPU Time:			00:00:00


Learning B-M vs I-C 0 (/home/is/daiki-ku/opt/bin/svm_learn -t 1 -d 2 -c 1 ./result/train_svm_6.svmdata.39811 ./result/train_svm_6.svmmodel.39811)
TinySVM - tiny SVM package
Copyright (C) 2000-2002 Taku Kudo, All rights reserved.

   996 examples, cache size: 1522
..................
Checking optimality of inactive variables  re-activated: 0

Done! 920 iterations

Number of SVs (BSVs)		324 (0)
Empirical Risk:			0 (0/996)
L1 Loss:			0
Object value:			-0.00392383
CPU Time:			00:00:00


Learning B-M vs I-F 0 (/home/is/daiki-ku/opt/bin/svm_learn -t 1 -d 2 -c 1 ./result/train_svm_6.svmdata.39811 ./result/train_svm_6.svmmodel.39811)
TinySVM - tiny SVM package
Copyright (C) 2000-2002 Taku Kudo, All rights reserved.

  1636 examples, cache size: 1956
.................
Checking optimality of inactive variables  re-activated: 0

Done! 878 iterations

Number of SVs (BSVs)		339 (0)
Empirical Risk:			0 (0/1636)
L1 Loss:			0
Object value:			-0.00376008
CPU Time:			00:00:00


Learning B-M vs I-M 0 (/home/is/daiki-ku/opt/bin/svm_learn -t 1 -d 2 -c 1 ./result/train_svm_6.svmdata.39811 ./result/train_svm_6.svmmodel.39811)
TinySVM - tiny SVM package
Copyright (C) 2000-2002 Taku Kudo, All rights reserved.

   673 examples, cache size: 1346
...............
Checking optimality of inactive variables  re-activated: 0

Done! 781 iterations

Number of SVs (BSVs)		282 (0)
Empirical Risk:			0 (0/673)
L1 Loss:			0
Object value:			-0.00351227
CPU Time:			00:00:00


Learning B-M vs I-Y 0 (/home/is/daiki-ku/opt/bin/svm_learn -t 1 -d 2 -c 1 ./result/train_svm_6.svmdata.39811 ./result/train_svm_6.svmmodel.39811)
TinySVM - tiny SVM package
Copyright (C) 2000-2002 Taku Kudo, All rights reserved.

   313 examples, cache size: 626
.....
Checking optimality of inactive variables  re-activated: 0

Done! 254 iterations

Number of SVs (BSVs)		114 (0)
Empirical Risk:			0 (0/313)
L1 Loss:			0
Object value:			-0.00179155
CPU Time:			00:00:00


Learning B-M vs O 0 (/home/is/daiki-ku/opt/bin/svm_learn -t 1 -d 2 -c 1 ./result/train_svm_6.svmdata.39811 ./result/train_svm_6.svmmodel.39811)
TinySVM - tiny SVM package
Copyright (C) 2000-2002 Taku Kudo, All rights reserved.

 66243 examples, cache size: 576
....................   1000  66243   576 0.0082  58.9%  58.9%
...................
Checking optimality of inactive variables  re-activated: 0

Done! 1957 iterations

Number of SVs (BSVs)		874 (0)
Empirical Risk:			0 (0/66243)
L1 Loss:			0
Object value:			-0.00892927
CPU Time:			00:00:27


Learning B-Y vs I-A 0 (/home/is/daiki-ku/opt/bin/svm_learn -t 1 -d 2 -c 1 ./result/train_svm_6.svmdata.39811 ./result/train_svm_6.svmmodel.39811)
TinySVM - tiny SVM package
Copyright (C) 2000-2002 Taku Kudo, All rights reserved.

    93 examples, cache size: 186
...
Checking optimality of inactive variables  re-activated: 0

Done! 164 iterations

Number of SVs (BSVs)		53 (0)
Empirical Risk:			0 (0/93)
L1 Loss:			0
Object value:			-0.00132651
CPU Time:			00:00:00


Learning B-Y vs I-B 0 (/home/is/daiki-ku/opt/bin/svm_learn -t 1 -d 2 -c 1 ./result/train_svm_6.svmdata.39811 ./result/train_svm_6.svmmodel.39811)
TinySVM - tiny SVM package
Copyright (C) 2000-2002 Taku Kudo, All rights reserved.

   322 examples, cache size: 644
.....
Checking optimality of inactive variables  re-activated: 0

Done! 266 iterations

Number of SVs (BSVs)		108 (0)
Empirical Risk:			0 (0/322)
L1 Loss:			0
Object value:			-0.00143392
CPU Time:			00:00:00


Learning B-Y vs I-C 0 (/home/is/daiki-ku/opt/bin/svm_learn -t 1 -d 2 -c 1 ./result/train_svm_6.svmdata.39811 ./result/train_svm_6.svmmodel.39811)
TinySVM - tiny SVM package
Copyright (C) 2000-2002 Taku Kudo, All rights reserved.

   707 examples, cache size: 1414
......
Checking optimality of inactive variables  re-activated: 0

Done! 303 iterations

Number of SVs (BSVs)		138 (0)
Empirical Risk:			0 (0/707)
L1 Loss:			0
Object value:			-0.00156444
CPU Time:			00:00:00


Learning B-Y vs I-F 0 (/home/is/daiki-ku/opt/bin/svm_learn -t 1 -d 2 -c 1 ./result/train_svm_6.svmdata.39811 ./result/train_svm_6.svmmodel.39811)
TinySVM - tiny SVM package
Copyright (C) 2000-2002 Taku Kudo, All rights reserved.

  1347 examples, cache size: 1736
.......
Checking optimality of inactive variables  re-activated: 0

Done! 385 iterations

Number of SVs (BSVs)		189 (0)
Empirical Risk:			0 (0/1347)
L1 Loss:			0
Object value:			-0.00151434
CPU Time:			00:00:00


Learning B-Y vs I-M 0 (/home/is/daiki-ku/opt/bin/svm_learn -t 1 -d 2 -c 1 ./result/train_svm_6.svmdata.39811 ./result/train_svm_6.svmmodel.39811)
TinySVM - tiny SVM package
Copyright (C) 2000-2002 Taku Kudo, All rights reserved.

   384 examples, cache size: 768
......
Checking optimality of inactive variables  re-activated: 0

Done! 315 iterations

Number of SVs (BSVs)		140 (0)
Empirical Risk:			0 (0/384)
L1 Loss:			0
Object value:			-0.00147293
CPU Time:			00:00:00


Learning B-Y vs I-Y 0 (/home/is/daiki-ku/opt/bin/svm_learn -t 1 -d 2 -c 1 ./result/train_svm_6.svmdata.39811 ./result/train_svm_6.svmmodel.39811)
TinySVM - tiny SVM package
Copyright (C) 2000-2002 Taku Kudo, All rights reserved.

    24 examples, cache size: 48
.
Checking optimality of inactive variables  re-activated: 0

Done! 58 iterations

Number of SVs (BSVs)		23 (0)
Empirical Risk:			0 (0/24)
L1 Loss:			0
Object value:			-0.00104554
CPU Time:			00:00:00


Learning B-Y vs O 0 (/home/is/daiki-ku/opt/bin/svm_learn -t 1 -d 2 -c 1 ./result/train_svm_6.svmdata.39811 ./result/train_svm_6.svmmodel.39811)
TinySVM - tiny SVM package
Copyright (C) 2000-2002 Taku Kudo, All rights reserved.

 65954 examples, cache size: 579
....
Checking optimality of inactive variables  re-activated: 0

Done! 245 iterations

Number of SVs (BSVs)		124 (0)
Empirical Risk:			0 (0/65954)
L1 Loss:			0
Object value:			-0.00362403
CPU Time:			00:00:02


Learning I-A vs I-B 0 (/home/is/daiki-ku/opt/bin/svm_learn -t 1 -d 2 -c 1 ./result/train_svm_6.svmdata.39811 ./result/train_svm_6.svmmodel.39811)
TinySVM - tiny SVM package
Copyright (C) 2000-2002 Taku Kudo, All rights reserved.

   395 examples, cache size: 790
...............
Checking optimality of inactive variables  re-activated: 0

Done! 776 iterations

Number of SVs (BSVs)		188 (0)
Empirical Risk:			0 (0/395)
L1 Loss:			0
Object value:			-0.00876336
CPU Time:			00:00:00


Learning I-A vs I-C 0 (/home/is/daiki-ku/opt/bin/svm_learn -t 1 -d 2 -c 1 ./result/train_svm_6.svmdata.39811 ./result/train_svm_6.svmmodel.39811)
TinySVM - tiny SVM package
Copyright (C) 2000-2002 Taku Kudo, All rights reserved.

   780 examples, cache size: 1452
....................   1000    780  1452 0.0013  87.9%  87.8%

Checking optimality of inactive variables  re-activated: 0

Done! 1048 iterations

Number of SVs (BSVs)		242 (0)
Empirical Risk:			0 (0/780)
L1 Loss:			0
Object value:			-0.0124918
CPU Time:			00:00:00


Learning I-A vs I-F 0 (/home/is/daiki-ku/opt/bin/svm_learn -t 1 -d 2 -c 1 ./result/train_svm_6.svmdata.39811 ./result/train_svm_6.svmmodel.39811)
TinySVM - tiny SVM package
Copyright (C) 2000-2002 Taku Kudo, All rights reserved.

  1420 examples, cache size: 1789
....................   1000   1420  1789 0.0039  83.1%  83.1%
.........
Checking optimality of inactive variables  re-activated: 0

Done! 1487 iterations

Number of SVs (BSVs)		348 (0)
Empirical Risk:			0 (0/1420)
L1 Loss:			0
Object value:			-0.0113176
CPU Time:			00:00:00


Learning I-A vs I-M 0 (/home/is/daiki-ku/opt/bin/svm_learn -t 1 -d 2 -c 1 ./result/train_svm_6.svmdata.39811 ./result/train_svm_6.svmmodel.39811)
TinySVM - tiny SVM package
Copyright (C) 2000-2002 Taku Kudo, All rights reserved.

   457 examples, cache size: 914
................
Checking optimality of inactive variables  re-activated: 0

Done! 838 iterations

Number of SVs (BSVs)		224 (0)
Empirical Risk:			0 (0/457)
L1 Loss:			0
Object value:			-0.00656996
CPU Time:			00:00:00


Learning I-A vs I-Y 0 (/home/is/daiki-ku/opt/bin/svm_learn -t 1 -d 2 -c 1 ./result/train_svm_6.svmdata.39811 ./result/train_svm_6.svmmodel.39811)
TinySVM - tiny SVM package
Copyright (C) 2000-2002 Taku Kudo, All rights reserved.

    97 examples, cache size: 194
...
Checking optimality of inactive variables  re-activated: 0

Done! 176 iterations

Number of SVs (BSVs)		58 (0)
Empirical Risk:			0 (0/97)
L1 Loss:			0
Object value:			-0.00209345
CPU Time:			00:00:00


Learning I-A vs O 0 (/home/is/daiki-ku/opt/bin/svm_learn -t 1 -d 2 -c 1 ./result/train_svm_6.svmdata.39811 ./result/train_svm_6.svmmodel.39811)
TinySVM - tiny SVM package
Copyright (C) 2000-2002 Taku Kudo, All rights reserved.

 66027 examples, cache size: 578
...................
Checking optimality of inactive variables  re-activated: 0

Done! 998 iterations

Number of SVs (BSVs)		350 (0)
Empirical Risk:			0 (0/66027)
L1 Loss:			0
Object value:			-0.0100577
CPU Time:			00:00:06


Learning I-B vs I-C 0 (/home/is/daiki-ku/opt/bin/svm_learn -t 1 -d 2 -c 1 ./result/train_svm_6.svmdata.39811 ./result/train_svm_6.svmmodel.39811)
TinySVM - tiny SVM package
Copyright (C) 2000-2002 Taku Kudo, All rights reserved.

  1009 examples, cache size: 1528
....................   1000   1009  1528 0.0241  74.6%  74.6%
....................   2000   1009  1528 0.0047  97.7%  86.1%
...................
Checking optimality of inactive variables  re-activated: 0

Done! 2968 iterations

Number of SVs (BSVs)		549 (0)
Empirical Risk:			0 (0/1009)
L1 Loss:			0
Object value:			-0.0226941
CPU Time:			00:00:00


Learning I-B vs I-F 0 (/home/is/daiki-ku/opt/bin/svm_learn -t 1 -d 2 -c 1 ./result/train_svm_6.svmdata.39811 ./result/train_svm_6.svmmodel.39811)
TinySVM - tiny SVM package
Copyright (C) 2000-2002 Taku Kudo, All rights reserved.

  1649 examples, cache size: 1966
....................   1000   1649  1966 0.0348  71.0%  71.0%
....................   2000   1649  1966 0.0105  93.6%  82.3%
....................   3000   1649  1966 0.0056  97.0%  87.2%
....................   4000   1649  1966 0.0025  98.9%  90.1%
....................   5000   1649  1966 0.0015  99.3%  91.9%
.........
Checking optimality of inactive variables  re-activated: 0

Done! 5472 iterations

Number of SVs (BSVs)		793 (0)
Empirical Risk:			0 (0/1649)
L1 Loss:			0
Object value:			-0.0263235
CPU Time:			00:00:00


Learning I-B vs I-M 0 (/home/is/daiki-ku/opt/bin/svm_learn -t 1 -d 2 -c 1 ./result/train_svm_6.svmdata.39811 ./result/train_svm_6.svmmodel.39811)
TinySVM - tiny SVM package
Copyright (C) 2000-2002 Taku Kudo, All rights reserved.

   686 examples, cache size: 1372
....................   1000    686  1372 0.0129  78.5%  78.5%
....................   2000    686  1372 0.0020  99.2%  88.8%
....
Checking optimality of inactive variables  re-activated: 0

Done! 2204 iterations

Number of SVs (BSVs)		443 (0)
Empirical Risk:			0 (0/686)
L1 Loss:			0
Object value:			-0.0203308
CPU Time:			00:00:00


Learning I-B vs I-Y 0 (/home/is/daiki-ku/opt/bin/svm_learn -t 1 -d 2 -c 1 ./result/train_svm_6.svmdata.39811 ./result/train_svm_6.svmmodel.39811)
TinySVM - tiny SVM package
Copyright (C) 2000-2002 Taku Kudo, All rights reserved.

   326 examples, cache size: 652
......
Checking optimality of inactive variables  re-activated: 0

Done! 306 iterations

Number of SVs (BSVs)		105 (0)
Empirical Risk:			0 (0/326)
L1 Loss:			0
Object value:			-0.00291668
CPU Time:			00:00:00


Learning I-B vs O 0 (/home/is/daiki-ku/opt/bin/svm_learn -t 1 -d 2 -c 1 ./result/train_svm_6.svmdata.39811 ./result/train_svm_6.svmmodel.39811)
TinySVM - tiny SVM package
Copyright (C) 2000-2002 Taku Kudo, All rights reserved.

 66256 examples, cache size: 576
....................   1000  66256   576 0.0154  70.2%  70.2%
....................   2000  66256   576 0.0022  91.2%  80.7%
.........
Checking optimality of inactive variables  re-activated: 0

Done! 2456 iterations

Number of SVs (BSVs)		659 (0)
Empirical Risk:			0 (0/66256)
L1 Loss:			0
Object value:			-0.0176921
CPU Time:			00:00:16


Learning I-C vs I-F 0 (/home/is/daiki-ku/opt/bin/svm_learn -t 1 -d 2 -c 1 ./result/train_svm_6.svmdata.39811 ./result/train_svm_6.svmmodel.39811)
TinySVM - tiny SVM package
Copyright (C) 2000-2002 Taku Kudo, All rights reserved.

  2034 examples, cache size: 2291
....................   1000   2034  2291 0.0488  62.1%  62.0%
....................   2000   2034  2291 0.0232  91.3%  76.7%
....................   3000   2034  2291 0.0071  96.7%  83.3%
....................   4000   2034  2291 0.0033  98.0%  87.0%
....................   5000   2034  2291 0.0017  99.1%  89.4%
..........
Checking optimality of inactive variables  re-activated: 0

Done! 5536 iterations

Number of SVs (BSVs)		1029 (0)
Empirical Risk:			0 (0/2034)
L1 Loss:			0
Object value:			-0.0295173
CPU Time:			00:00:00


Learning I-C vs I-M 0 (/home/is/daiki-ku/opt/bin/svm_learn -t 1 -d 2 -c 1 ./result/train_svm_6.svmdata.39811 ./result/train_svm_6.svmmodel.39811)
TinySVM - tiny SVM package
Copyright (C) 2000-2002 Taku Kudo, All rights reserved.

  1071 examples, cache size: 1560
....................   1000   1071  1560 0.0212  73.7%  73.7%
....................   2000   1071  1560 0.0045  98.1%  85.9%
...................
Checking optimality of inactive variables  re-activated: 0

Done! 2992 iterations

Number of SVs (BSVs)		560 (0)
Empirical Risk:			0 (0/1071)
L1 Loss:			0
Object value:			-0.0244599
CPU Time:			00:00:00


Learning I-C vs I-Y 0 (/home/is/daiki-ku/opt/bin/svm_learn -t 1 -d 2 -c 1 ./result/train_svm_6.svmdata.39811 ./result/train_svm_6.svmmodel.39811)
TinySVM - tiny SVM package
Copyright (C) 2000-2002 Taku Kudo, All rights reserved.

   711 examples, cache size: 1422
......
Checking optimality of inactive variables  re-activated: 0

Done! 341 iterations

Number of SVs (BSVs)		124 (0)
Empirical Risk:			0 (0/711)
L1 Loss:			0
Object value:			-0.00524498
CPU Time:			00:00:00


Learning I-C vs O 0 (/home/is/daiki-ku/opt/bin/svm_learn -t 1 -d 2 -c 1 ./result/train_svm_6.svmdata.39811 ./result/train_svm_6.svmmodel.39811)
TinySVM - tiny SVM package
Copyright (C) 2000-2002 Taku Kudo, All rights reserved.

 66641 examples, cache size: 573
....................   1000  66641   573 0.0240  57.6%  57.6%
....................   2000  66641   573 0.0068  66.9%  62.2%
....................   3000  66516   573 0.0012  62.5%  62.3%
...
Checking optimality of inactive variables  re-activated: 0

Done! 3162 iterations

Number of SVs (BSVs)		932 (0)
Empirical Risk:			0 (0/66641)
L1 Loss:			0
Object value:			-0.0226326
CPU Time:			00:00:48


Learning I-F vs I-M 0 (/home/is/daiki-ku/opt/bin/svm_learn -t 1 -d 2 -c 1 ./result/train_svm_6.svmdata.39811 ./result/train_svm_6.svmmodel.39811)
TinySVM - tiny SVM package
Copyright (C) 2000-2002 Taku Kudo, All rights reserved.

  1711 examples, cache size: 2017
....................   1000   1711  2017 0.0337  72.5%  72.5%
....................   2000   1711  2017 0.0139  96.1%  84.3%
....................   3000   1711  2017 0.0054  98.2%  88.9%
....................   4000   1711  2017 0.0033  99.1%  91.5%
....................   5000   1711  2017 0.0019  99.7%  93.1%
..................
Checking optimality of inactive variables  re-activated: 0

Done! 5910 iterations

Number of SVs (BSVs)		677 (0)
Empirical Risk:			0 (0/1711)
L1 Loss:			0
Object value:			-0.0272209
CPU Time:			00:00:00


Learning I-F vs I-Y 0 (/home/is/daiki-ku/opt/bin/svm_learn -t 1 -d 2 -c 1 ./result/train_svm_6.svmdata.39811 ./result/train_svm_6.svmmodel.39811)
TinySVM - tiny SVM package
Copyright (C) 2000-2002 Taku Kudo, All rights reserved.

  1351 examples, cache size: 1739
.......
Checking optimality of inactive variables  re-activated: 0

Done! 391 iterations

Number of SVs (BSVs)		147 (0)
Empirical Risk:			0 (0/1351)
L1 Loss:			0
Object value:			-0.00481299
CPU Time:			00:00:00


Learning I-F vs O 0 (/home/is/daiki-ku/opt/bin/svm_learn -t 1 -d 2 -c 1 ./result/train_svm_6.svmdata.39811 ./result/train_svm_6.svmmodel.39811)
TinySVM - tiny SVM package
Copyright (C) 2000-2002 Taku Kudo, All rights reserved.

 67281 examples, cache size: 568
....................   1000  67281   568 0.0320  49.7%  49.6%
....................   2000  67281   568 0.0082  52.4%  51.0%
....................   3000  66989   568 0.0029  49.6%  50.5%
....................   4000  60341   626 0.0012  53.9%  51.4%
.
Checking optimality of inactive variables  re-activated: 0

Done! 4100 iterations

Number of SVs (BSVs)		1184 (0)
Empirical Risk:			0 (0/67281)
L1 Loss:			0
Object value:			-0.0226687
CPU Time:			00:01:12


Learning I-M vs I-Y 0 (/home/is/daiki-ku/opt/bin/svm_learn -t 1 -d 2 -c 1 ./result/train_svm_6.svmdata.39811 ./result/train_svm_6.svmmodel.39811)
TinySVM - tiny SVM package
Copyright (C) 2000-2002 Taku Kudo, All rights reserved.

   388 examples, cache size: 776
......
Checking optimality of inactive variables  re-activated: 0

Done! 331 iterations

Number of SVs (BSVs)		113 (0)
Empirical Risk:			0 (0/388)
L1 Loss:			0
Object value:			-0.00542214
CPU Time:			00:00:00


Learning I-M vs O 0 (/home/is/daiki-ku/opt/bin/svm_learn -t 1 -d 2 -c 1 ./result/train_svm_6.svmdata.39811 ./result/train_svm_6.svmmodel.39811)
TinySVM - tiny SVM package
Copyright (C) 2000-2002 Taku Kudo, All rights reserved.

 66318 examples, cache size: 576
....................   1000  66318   576 0.0123  66.3%  66.3%
....................   2000  66318   576 0.0019  84.2%  75.3%
......
Checking optimality of inactive variables  re-activated: 0

Done! 2333 iterations

Number of SVs (BSVs)		710 (0)
Empirical Risk:			0 (0/66318)
L1 Loss:			0
Object value:			-0.0165434
CPU Time:			00:00:21


Learning I-Y vs O 0 (/home/is/daiki-ku/opt/bin/svm_learn -t 1 -d 2 -c 1 ./result/train_svm_6.svmdata.39811 ./result/train_svm_6.svmmodel.39811)
TinySVM - tiny SVM package
Copyright (C) 2000-2002 Taku Kudo, All rights reserved.

 65958 examples, cache size: 579
......
Checking optimality of inactive variables  re-activated: 0

Done! 344 iterations

Number of SVs (BSVs)		159 (0)
Empirical Risk:			0 (0/65958)
L1 Loss:			0
Object value:			-0.00476603
CPU Time:			00:00:03
