13 labeled  classes are found
        B-A : 30
        B-B : 175
        B-C : 503
        B-F : 837
        B-M : 300
        B-Y : 10
        I-A : 76
        I-B : 325
        I-C : 700
        I-F : 1328
        I-M : 388
        I-Y : 14
          O : 66033


Learning B-A vs B-B 0 (/home/is/daiki-ku/opt/bin/svm_learn -t 1 -d 2 -c 1 ./result/train_svm_4.svmdata.37977 ./result/train_svm_4.svmmodel.37977)
TinySVM - tiny SVM package
Copyright (C) 2000-2002 Taku Kudo, All rights reserved.

   205 examples, cache size: 410
....
Checking optimality of inactive variables  re-activated: 0

Done! 210 iterations

Number of SVs (BSVs)		75 (0)
Empirical Risk:			0 (0/205)
L1 Loss:			0
Object value:			-0.00180395
CPU Time:			00:00:00


Learning B-A vs B-C 0 (/home/is/daiki-ku/opt/bin/svm_learn -t 1 -d 2 -c 1 ./result/train_svm_4.svmdata.37977 ./result/train_svm_4.svmmodel.37977)
TinySVM - tiny SVM package
Copyright (C) 2000-2002 Taku Kudo, All rights reserved.

   533 examples, cache size: 1066
......
Checking optimality of inactive variables  re-activated: 0

Done! 327 iterations

Number of SVs (BSVs)		80 (0)
Empirical Risk:			0 (0/533)
L1 Loss:			0
Object value:			-0.0061503
CPU Time:			00:00:00


Learning B-A vs B-F 0 (/home/is/daiki-ku/opt/bin/svm_learn -t 1 -d 2 -c 1 ./result/train_svm_4.svmdata.37977 ./result/train_svm_4.svmmodel.37977)
TinySVM - tiny SVM package
Copyright (C) 2000-2002 Taku Kudo, All rights reserved.

   867 examples, cache size: 1471
.....
Checking optimality of inactive variables  re-activated: 0

Done! 280 iterations

Number of SVs (BSVs)		95 (0)
Empirical Risk:			0 (0/867)
L1 Loss:			0
Object value:			-0.00191217
CPU Time:			00:00:00


Learning B-A vs B-M 0 (/home/is/daiki-ku/opt/bin/svm_learn -t 1 -d 2 -c 1 ./result/train_svm_4.svmdata.37977 ./result/train_svm_4.svmmodel.37977)
TinySVM - tiny SVM package
Copyright (C) 2000-2002 Taku Kudo, All rights reserved.

   330 examples, cache size: 660
....
Checking optimality of inactive variables  re-activated: 0

Done! 215 iterations

Number of SVs (BSVs)		78 (0)
Empirical Risk:			0 (0/330)
L1 Loss:			0
Object value:			-0.00209334
CPU Time:			00:00:00


Learning B-A vs B-Y 0 (/home/is/daiki-ku/opt/bin/svm_learn -t 1 -d 2 -c 1 ./result/train_svm_4.svmdata.37977 ./result/train_svm_4.svmmodel.37977)
TinySVM - tiny SVM package
Copyright (C) 2000-2002 Taku Kudo, All rights reserved.

    40 examples, cache size: 80
.
Checking optimality of inactive variables  re-activated: 0

Done! 72 iterations

Number of SVs (BSVs)		23 (0)
Empirical Risk:			0 (0/40)
L1 Loss:			0
Object value:			-0.00113383
CPU Time:			00:00:00


Learning B-A vs I-A 0 (/home/is/daiki-ku/opt/bin/svm_learn -t 1 -d 2 -c 1 ./result/train_svm_4.svmdata.37977 ./result/train_svm_4.svmmodel.37977)
TinySVM - tiny SVM package
Copyright (C) 2000-2002 Taku Kudo, All rights reserved.

   106 examples, cache size: 212
....
Checking optimality of inactive variables  re-activated: 0

Done! 217 iterations

Number of SVs (BSVs)		57 (0)
Empirical Risk:			0 (0/106)
L1 Loss:			0
Object value:			-0.00126346
CPU Time:			00:00:00


Learning B-A vs I-B 0 (/home/is/daiki-ku/opt/bin/svm_learn -t 1 -d 2 -c 1 ./result/train_svm_4.svmdata.37977 ./result/train_svm_4.svmmodel.37977)
TinySVM - tiny SVM package
Copyright (C) 2000-2002 Taku Kudo, All rights reserved.

   355 examples, cache size: 710
.......
Checking optimality of inactive variables  re-activated: 0

Done! 369 iterations

Number of SVs (BSVs)		131 (0)
Empirical Risk:			0 (0/355)
L1 Loss:			0
Object value:			-0.00126533
CPU Time:			00:00:00


Learning B-A vs I-C 0 (/home/is/daiki-ku/opt/bin/svm_learn -t 1 -d 2 -c 1 ./result/train_svm_4.svmdata.37977 ./result/train_svm_4.svmmodel.37977)
TinySVM - tiny SVM package
Copyright (C) 2000-2002 Taku Kudo, All rights reserved.

   730 examples, cache size: 1448
......
Checking optimality of inactive variables  re-activated: 0

Done! 346 iterations

Number of SVs (BSVs)		141 (0)
Empirical Risk:			0 (0/730)
L1 Loss:			0
Object value:			-0.00139749
CPU Time:			00:00:00


Learning B-A vs I-F 0 (/home/is/daiki-ku/opt/bin/svm_learn -t 1 -d 2 -c 1 ./result/train_svm_4.svmdata.37977 ./result/train_svm_4.svmmodel.37977)
TinySVM - tiny SVM package
Copyright (C) 2000-2002 Taku Kudo, All rights reserved.

  1358 examples, cache size: 1744
.........
Checking optimality of inactive variables  re-activated: 0

Done! 452 iterations

Number of SVs (BSVs)		183 (0)
Empirical Risk:			0 (0/1358)
L1 Loss:			0
Object value:			-0.0013237
CPU Time:			00:00:00


Learning B-A vs I-M 0 (/home/is/daiki-ku/opt/bin/svm_learn -t 1 -d 2 -c 1 ./result/train_svm_4.svmdata.37977 ./result/train_svm_4.svmmodel.37977)
TinySVM - tiny SVM package
Copyright (C) 2000-2002 Taku Kudo, All rights reserved.

   418 examples, cache size: 836
......
Checking optimality of inactive variables  re-activated: 0

Done! 343 iterations

Number of SVs (BSVs)		163 (0)
Empirical Risk:			0 (0/418)
L1 Loss:			0
Object value:			-0.00125815
CPU Time:			00:00:00


Learning B-A vs I-Y 0 (/home/is/daiki-ku/opt/bin/svm_learn -t 1 -d 2 -c 1 ./result/train_svm_4.svmdata.37977 ./result/train_svm_4.svmmodel.37977)
TinySVM - tiny SVM package
Copyright (C) 2000-2002 Taku Kudo, All rights reserved.

    44 examples, cache size: 88
.
Checking optimality of inactive variables  re-activated: 0

Done! 94 iterations

Number of SVs (BSVs)		29 (0)
Empirical Risk:			0 (0/44)
L1 Loss:			0
Object value:			-0.00086973
CPU Time:			00:00:00


Learning B-A vs O 0 (/home/is/daiki-ku/opt/bin/svm_learn -t 1 -d 2 -c 1 ./result/train_svm_4.svmdata.37977 ./result/train_svm_4.svmmodel.37977)
TinySVM - tiny SVM package
Copyright (C) 2000-2002 Taku Kudo, All rights reserved.

 66063 examples, cache size: 578
............
Checking optimality of inactive variables  re-activated: 0

Done! 647 iterations

Number of SVs (BSVs)		202 (0)
Empirical Risk:			0 (0/66063)
L1 Loss:			0
Object value:			-0.00664711
CPU Time:			00:00:03


Learning B-B vs B-C 0 (/home/is/daiki-ku/opt/bin/svm_learn -t 1 -d 2 -c 1 ./result/train_svm_4.svmdata.37977 ./result/train_svm_4.svmmodel.37977)
TinySVM - tiny SVM package
Copyright (C) 2000-2002 Taku Kudo, All rights reserved.

   678 examples, cache size: 1356
....................   1000    678  1356 0.0134  81.2%  81.2%
.................
Checking optimality of inactive variables  re-activated: 0

Done! 1899 iterations

Number of SVs (BSVs)		375 (0)
Empirical Risk:			0 (0/678)
L1 Loss:			0
Object value:			-0.073541
CPU Time:			00:00:00


Learning B-B vs B-F 0 (/home/is/daiki-ku/opt/bin/svm_learn -t 1 -d 2 -c 1 ./result/train_svm_4.svmdata.37977 ./result/train_svm_4.svmmodel.37977)
TinySVM - tiny SVM package
Copyright (C) 2000-2002 Taku Kudo, All rights reserved.

  1012 examples, cache size: 1530
....................   1000   1012  1530 0.0313  77.5%  77.5%
....................   2000   1012  1530 0.0039  99.2%  88.3%
..............
Checking optimality of inactive variables  re-activated: 0

Done! 2720 iterations

Number of SVs (BSVs)		461 (0)
Empirical Risk:			0 (0/1012)
L1 Loss:			0
Object value:			-0.0911162
CPU Time:			00:00:00


Learning B-B vs B-M 0 (/home/is/daiki-ku/opt/bin/svm_learn -t 1 -d 2 -c 1 ./result/train_svm_4.svmdata.37977 ./result/train_svm_4.svmmodel.37977)
TinySVM - tiny SVM package
Copyright (C) 2000-2002 Taku Kudo, All rights reserved.

   475 examples, cache size: 950
....................   1000    475   950 0.0027  85.8%  85.8%
....
Checking optimality of inactive variables  re-activated: 0

Done! 1238 iterations

Number of SVs (BSVs)		280 (0)
Empirical Risk:			0 (0/475)
L1 Loss:			0
Object value:			-0.0392223
CPU Time:			00:00:00


Learning B-B vs B-Y 0 (/home/is/daiki-ku/opt/bin/svm_learn -t 1 -d 2 -c 1 ./result/train_svm_4.svmdata.37977 ./result/train_svm_4.svmmodel.37977)
TinySVM - tiny SVM package
Copyright (C) 2000-2002 Taku Kudo, All rights reserved.

   185 examples, cache size: 370
...
Checking optimality of inactive variables  re-activated: 0

Done! 191 iterations

Number of SVs (BSVs)		68 (0)
Empirical Risk:			0 (0/185)
L1 Loss:			0
Object value:			-0.00298253
CPU Time:			00:00:00


Learning B-B vs I-A 0 (/home/is/daiki-ku/opt/bin/svm_learn -t 1 -d 2 -c 1 ./result/train_svm_4.svmdata.37977 ./result/train_svm_4.svmmodel.37977)
TinySVM - tiny SVM package
Copyright (C) 2000-2002 Taku Kudo, All rights reserved.

   251 examples, cache size: 502
..........
Checking optimality of inactive variables  re-activated: 0

Done! 504 iterations

Number of SVs (BSVs)		122 (0)
Empirical Risk:			0 (0/251)
L1 Loss:			0
Object value:			-0.00286466
CPU Time:			00:00:00


Learning B-B vs I-B 0 (/home/is/daiki-ku/opt/bin/svm_learn -t 1 -d 2 -c 1 ./result/train_svm_4.svmdata.37977 ./result/train_svm_4.svmmodel.37977)
TinySVM - tiny SVM package
Copyright (C) 2000-2002 Taku Kudo, All rights reserved.

   500 examples, cache size: 1000
...............
Checking optimality of inactive variables  re-activated: 0

Done! 794 iterations

Number of SVs (BSVs)		243 (0)
Empirical Risk:			0 (0/500)
L1 Loss:			0
Object value:			-0.0033441
CPU Time:			00:00:00


Learning B-B vs I-C 0 (/home/is/daiki-ku/opt/bin/svm_learn -t 1 -d 2 -c 1 ./result/train_svm_4.svmdata.37977 ./result/train_svm_4.svmmodel.37977)
TinySVM - tiny SVM package
Copyright (C) 2000-2002 Taku Kudo, All rights reserved.

   875 examples, cache size: 1474
...............
Checking optimality of inactive variables  re-activated: 0

Done! 799 iterations

Number of SVs (BSVs)		278 (0)
Empirical Risk:			0 (0/875)
L1 Loss:			0
Object value:			-0.00384263
CPU Time:			00:00:00


Learning B-B vs I-F 0 (/home/is/daiki-ku/opt/bin/svm_learn -t 1 -d 2 -c 1 ./result/train_svm_4.svmdata.37977 ./result/train_svm_4.svmmodel.37977)
TinySVM - tiny SVM package
Copyright (C) 2000-2002 Taku Kudo, All rights reserved.

  1503 examples, cache size: 1851
..................
Checking optimality of inactive variables  re-activated: 0

Done! 914 iterations

Number of SVs (BSVs)		332 (0)
Empirical Risk:			0 (0/1503)
L1 Loss:			0
Object value:			-0.00362557
CPU Time:			00:00:00


Learning B-B vs I-M 0 (/home/is/daiki-ku/opt/bin/svm_learn -t 1 -d 2 -c 1 ./result/train_svm_4.svmdata.37977 ./result/train_svm_4.svmmodel.37977)
TinySVM - tiny SVM package
Copyright (C) 2000-2002 Taku Kudo, All rights reserved.

   563 examples, cache size: 1126
................
Checking optimality of inactive variables  re-activated: 0

Done! 803 iterations

Number of SVs (BSVs)		269 (0)
Empirical Risk:			0 (0/563)
L1 Loss:			0
Object value:			-0.00344282
CPU Time:			00:00:00


Learning B-B vs I-Y 0 (/home/is/daiki-ku/opt/bin/svm_learn -t 1 -d 2 -c 1 ./result/train_svm_4.svmdata.37977 ./result/train_svm_4.svmmodel.37977)
TinySVM - tiny SVM package
Copyright (C) 2000-2002 Taku Kudo, All rights reserved.

   189 examples, cache size: 378
....
Checking optimality of inactive variables  re-activated: 0

Done! 235 iterations

Number of SVs (BSVs)		90 (0)
Empirical Risk:			0 (0/189)
L1 Loss:			0
Object value:			-0.00158531
CPU Time:			00:00:00


Learning B-B vs O 0 (/home/is/daiki-ku/opt/bin/svm_learn -t 1 -d 2 -c 1 ./result/train_svm_4.svmdata.37977 ./result/train_svm_4.svmmodel.37977)
TinySVM - tiny SVM package
Copyright (C) 2000-2002 Taku Kudo, All rights reserved.

 66208 examples, cache size: 577
....................   1000  66208   577 0.0056  66.8%  66.8%
...............
Checking optimality of inactive variables  re-activated: 0

Done! 1757 iterations

Number of SVs (BSVs)		735 (0)
Empirical Risk:			0 (0/66208)
L1 Loss:			0
Object value:			-0.00814707
CPU Time:			00:00:18


Learning B-C vs B-F 0 (/home/is/daiki-ku/opt/bin/svm_learn -t 1 -d 2 -c 1 ./result/train_svm_4.svmdata.37977 ./result/train_svm_4.svmmodel.37977)
TinySVM - tiny SVM package
Copyright (C) 2000-2002 Taku Kudo, All rights reserved.

  1340 examples, cache size: 1731
....................   1000   1340  1731 2.0162  98.6%  98.6%
....................   2000   1340  1731 2.0162 100.0%  99.3%
....................   3000   1340  1731 2.0162 100.0%  99.5%
....................   4000   1340  1731 2.1289  86.9%  96.4%
....................   5000   1340  1731 2.1289 100.0%  97.1%
....................   6000   1340  1731 2.1289 100.0%  97.6%
....................   7000   1340  1731 0.7744  81.4%  95.3%
....................   8000   1338  1731 0.1879  90.4%  94.6%
....................   9000   1328  1731 0.0497  97.8%  95.0%
....................  10000   1306  1731 0.0221  98.8%  95.4%
....................  11000   1278  1731 0.0093  99.7%  95.8%
....................  12000   1228  1731 0.0034 100.0%  96.1%
....................  13000   1167  1771 0.0018  99.9%  96.4%
..........
Checking optimality of inactive variables  re-activated: 0

Done! 13525 iterations

Number of SVs (BSVs)		913 (7)
Empirical Risk:			0.00298507 (4/1340)
L1 Loss:			8.00058
Object value:			-8.38025
CPU Time:			00:00:00


Learning B-C vs B-M 0 (/home/is/daiki-ku/opt/bin/svm_learn -t 1 -d 2 -c 1 ./result/train_svm_4.svmdata.37977 ./result/train_svm_4.svmmodel.37977)
TinySVM - tiny SVM package
Copyright (C) 2000-2002 Taku Kudo, All rights reserved.

   803 examples, cache size: 1455
....................   1000    803  1455 0.0341  78.5%  78.5%
....................   2000    803  1455 0.0031  99.5%  89.0%
........
Checking optimality of inactive variables  re-activated: 0

Done! 2416 iterations

Number of SVs (BSVs)		430 (0)
Empirical Risk:			0 (0/803)
L1 Loss:			0
Object value:			-0.112854
CPU Time:			00:00:00


Learning B-C vs B-Y 0 (/home/is/daiki-ku/opt/bin/svm_learn -t 1 -d 2 -c 1 ./result/train_svm_4.svmdata.37977 ./result/train_svm_4.svmmodel.37977)
TinySVM - tiny SVM package
Copyright (C) 2000-2002 Taku Kudo, All rights reserved.

   513 examples, cache size: 1026
....
Checking optimality of inactive variables  re-activated: 0

Done! 211 iterations

Number of SVs (BSVs)		83 (0)
Empirical Risk:			0 (0/513)
L1 Loss:			0
Object value:			-0.00330105
CPU Time:			00:00:00


Learning B-C vs I-A 0 (/home/is/daiki-ku/opt/bin/svm_learn -t 1 -d 2 -c 1 ./result/train_svm_4.svmdata.37977 ./result/train_svm_4.svmmodel.37977)
TinySVM - tiny SVM package
Copyright (C) 2000-2002 Taku Kudo, All rights reserved.

   579 examples, cache size: 1158
.......
Checking optimality of inactive variables  re-activated: 0

Done! 391 iterations

Number of SVs (BSVs)		142 (0)
Empirical Risk:			0 (0/579)
L1 Loss:			0
Object value:			-0.00304339
CPU Time:			00:00:00


Learning B-C vs I-B 0 (/home/is/daiki-ku/opt/bin/svm_learn -t 1 -d 2 -c 1 ./result/train_svm_4.svmdata.37977 ./result/train_svm_4.svmmodel.37977)
TinySVM - tiny SVM package
Copyright (C) 2000-2002 Taku Kudo, All rights reserved.

   828 examples, cache size: 1461
................
Checking optimality of inactive variables  re-activated: 0

Done! 848 iterations

Number of SVs (BSVs)		282 (0)
Empirical Risk:			0 (0/828)
L1 Loss:			0
Object value:			-0.00372491
CPU Time:			00:00:00


Learning B-C vs I-C 0 (/home/is/daiki-ku/opt/bin/svm_learn -t 1 -d 2 -c 1 ./result/train_svm_4.svmdata.37977 ./result/train_svm_4.svmmodel.37977)
TinySVM - tiny SVM package
Copyright (C) 2000-2002 Taku Kudo, All rights reserved.

  1203 examples, cache size: 1638
...................
Checking optimality of inactive variables  re-activated: 0

Done! 994 iterations

Number of SVs (BSVs)		343 (0)
Empirical Risk:			0 (0/1203)
L1 Loss:			0
Object value:			-0.00430456
CPU Time:			00:00:00


Learning B-C vs I-F 0 (/home/is/daiki-ku/opt/bin/svm_learn -t 1 -d 2 -c 1 ./result/train_svm_4.svmdata.37977 ./result/train_svm_4.svmmodel.37977)
TinySVM - tiny SVM package
Copyright (C) 2000-2002 Taku Kudo, All rights reserved.

  1831 examples, cache size: 2117
...................
Checking optimality of inactive variables  re-activated: 0

Done! 968 iterations

Number of SVs (BSVs)		378 (0)
Empirical Risk:			0 (0/1831)
L1 Loss:			0
Object value:			-0.00410603
CPU Time:			00:00:00


Learning B-C vs I-M 0 (/home/is/daiki-ku/opt/bin/svm_learn -t 1 -d 2 -c 1 ./result/train_svm_4.svmdata.37977 ./result/train_svm_4.svmmodel.37977)
TinySVM - tiny SVM package
Copyright (C) 2000-2002 Taku Kudo, All rights reserved.

   891 examples, cache size: 1479
.................
Checking optimality of inactive variables  re-activated: 0

Done! 900 iterations

Number of SVs (BSVs)		341 (0)
Empirical Risk:			0 (0/891)
L1 Loss:			0
Object value:			-0.00378922
CPU Time:			00:00:00


Learning B-C vs I-Y 0 (/home/is/daiki-ku/opt/bin/svm_learn -t 1 -d 2 -c 1 ./result/train_svm_4.svmdata.37977 ./result/train_svm_4.svmmodel.37977)
TinySVM - tiny SVM package
Copyright (C) 2000-2002 Taku Kudo, All rights reserved.

   517 examples, cache size: 1034
.....
Checking optimality of inactive variables  re-activated: 0

Done! 290 iterations

Number of SVs (BSVs)		129 (0)
Empirical Risk:			0 (0/517)
L1 Loss:			0
Object value:			-0.00168115
CPU Time:			00:00:00


Learning B-C vs O 0 (/home/is/daiki-ku/opt/bin/svm_learn -t 1 -d 2 -c 1 ./result/train_svm_4.svmdata.37977 ./result/train_svm_4.svmmodel.37977)
TinySVM - tiny SVM package
Copyright (C) 2000-2002 Taku Kudo, All rights reserved.

 66536 examples, cache size: 574
....................   1000  66536   574 0.0129  55.1%  55.0%
....................   2000  66536   574 0.0020  53.8%  54.4%
.......
Checking optimality of inactive variables  re-activated: 0

Done! 2357 iterations

Number of SVs (BSVs)		1016 (0)
Empirical Risk:			0 (0/66536)
L1 Loss:			0
Object value:			-0.0110591
CPU Time:			00:00:39


Learning B-F vs B-M 0 (/home/is/daiki-ku/opt/bin/svm_learn -t 1 -d 2 -c 1 ./result/train_svm_4.svmdata.37977 ./result/train_svm_4.svmmodel.37977)
TinySVM - tiny SVM package
Copyright (C) 2000-2002 Taku Kudo, All rights reserved.

  1137 examples, cache size: 1598
....................   1000   1137  1598 2.1286  92.2%  92.2%
....................   2000   1137  1598 2.3073  98.9%  95.5%
....................   3000   1137  1598 2.3073 100.0%  97.0%
....................   4000   1137  1598 2.2191  99.7%  97.7%
....................   5000   1137  1598 2.2191 100.0%  98.2%
....................   6000   1137  1598 2.1994  99.8%  98.4%
....................   7000   1137  1598 2.1994 100.0%  98.7%
....................   8000   1137  1598 2.1373  99.8%  98.8%
....................   9000   1137  1598 2.2634  99.4%  98.9%
....................  10000   1137  1598 2.2634 100.0%  99.0%
....................  11000   1137  1598 2.2987  99.3%  99.0%
....................  12000   1137  1598 2.2987 100.0%  99.1%
....................  13000   1137  1598 2.1389  99.8%  99.1%
....................  14000   1137  1598 2.1389 100.0%  99.2%
....................  15000   1137  1598 2.3161  99.0%  99.2%
....................  16000   1137  1598 2.3161 100.0%  99.2%
....................  17000   1137  1598 0.0596  86.1%  98.5%
....................  18000   1130  1598 0.0056  99.0%  98.5%
...............
Checking optimality of inactive variables  re-activated: 0

Done! 18799 iterations

Number of SVs (BSVs)		527 (38)
Empirical Risk:			0.0167106 (19/1137)
L1 Loss:			38
Object value:			-38.0849
CPU Time:			00:00:00


Learning B-F vs B-Y 0 (/home/is/daiki-ku/opt/bin/svm_learn -t 1 -d 2 -c 1 ./result/train_svm_4.svmdata.37977 ./result/train_svm_4.svmmodel.37977)
TinySVM - tiny SVM package
Copyright (C) 2000-2002 Taku Kudo, All rights reserved.

   847 examples, cache size: 1465
.....
Checking optimality of inactive variables  re-activated: 0

Done! 298 iterations

Number of SVs (BSVs)		122 (0)
Empirical Risk:			0 (0/847)
L1 Loss:			0
Object value:			-0.0024857
CPU Time:			00:00:00


Learning B-F vs I-A 0 (/home/is/daiki-ku/opt/bin/svm_learn -t 1 -d 2 -c 1 ./result/train_svm_4.svmdata.37977 ./result/train_svm_4.svmmodel.37977)
TinySVM - tiny SVM package
Copyright (C) 2000-2002 Taku Kudo, All rights reserved.

   913 examples, cache size: 1487
...........
Checking optimality of inactive variables  re-activated: 0

Done! 597 iterations

Number of SVs (BSVs)		170 (0)
Empirical Risk:			0 (0/913)
L1 Loss:			0
Object value:			-0.00312521
CPU Time:			00:00:00


Learning B-F vs I-B 0 (/home/is/daiki-ku/opt/bin/svm_learn -t 1 -d 2 -c 1 ./result/train_svm_4.svmdata.37977 ./result/train_svm_4.svmmodel.37977)
TinySVM - tiny SVM package
Copyright (C) 2000-2002 Taku Kudo, All rights reserved.

  1162 examples, cache size: 1613
...................
Checking optimality of inactive variables  re-activated: 0

Done! 957 iterations

Number of SVs (BSVs)		338 (0)
Empirical Risk:			0 (0/1162)
L1 Loss:			0
Object value:			-0.00364781
CPU Time:			00:00:00


Learning B-F vs I-C 0 (/home/is/daiki-ku/opt/bin/svm_learn -t 1 -d 2 -c 1 ./result/train_svm_4.svmdata.37977 ./result/train_svm_4.svmmodel.37977)
TinySVM - tiny SVM package
Copyright (C) 2000-2002 Taku Kudo, All rights reserved.

  1537 examples, cache size: 1878
....................   1000   1537  1878 0.0013  79.1%  79.1%
.
Checking optimality of inactive variables  re-activated: 0

Done! 1058 iterations

Number of SVs (BSVs)		415 (0)
Empirical Risk:			0 (0/1537)
L1 Loss:			0
Object value:			-0.00417259
CPU Time:			00:00:00


Learning B-F vs I-F 0 (/home/is/daiki-ku/opt/bin/svm_learn -t 1 -d 2 -c 1 ./result/train_svm_4.svmdata.37977 ./result/train_svm_4.svmmodel.37977)
TinySVM - tiny SVM package
Copyright (C) 2000-2002 Taku Kudo, All rights reserved.

  2165 examples, cache size: 2407
....................   1000   2165  2407 0.0017  78.8%  78.8%
..
Checking optimality of inactive variables  re-activated: 0

Done! 1101 iterations

Number of SVs (BSVs)		429 (0)
Empirical Risk:			0 (0/2165)
L1 Loss:			0
Object value:			-0.00395905
CPU Time:			00:00:00


Learning B-F vs I-M 0 (/home/is/daiki-ku/opt/bin/svm_learn -t 1 -d 2 -c 1 ./result/train_svm_4.svmdata.37977 ./result/train_svm_4.svmmodel.37977)
TinySVM - tiny SVM package
Copyright (C) 2000-2002 Taku Kudo, All rights reserved.

  1225 examples, cache size: 1652
....................   1000   1225  1652 0.0015  79.5%  79.5%
..
Checking optimality of inactive variables  re-activated: 0

Done! 1115 iterations

Number of SVs (BSVs)		412 (0)
Empirical Risk:			0 (0/1225)
L1 Loss:			0
Object value:			-0.00368756
CPU Time:			00:00:00


Learning B-F vs I-Y 0 (/home/is/daiki-ku/opt/bin/svm_learn -t 1 -d 2 -c 1 ./result/train_svm_4.svmdata.37977 ./result/train_svm_4.svmmodel.37977)
TinySVM - tiny SVM package
Copyright (C) 2000-2002 Taku Kudo, All rights reserved.

   851 examples, cache size: 1467
......
Checking optimality of inactive variables  re-activated: 0

Done! 339 iterations

Number of SVs (BSVs)		158 (0)
Empirical Risk:			0 (0/851)
L1 Loss:			0
Object value:			-0.00168824
CPU Time:			00:00:00


Learning B-F vs O 0 (/home/is/daiki-ku/opt/bin/svm_learn -t 1 -d 2 -c 1 ./result/train_svm_4.svmdata.37977 ./result/train_svm_4.svmmodel.37977)
TinySVM - tiny SVM package
Copyright (C) 2000-2002 Taku Kudo, All rights reserved.

 66870 examples, cache size: 571
....................   1000  66870   571 0.0123  52.9%  52.9%
....................   2000  66870   571 0.0032  55.6%  54.2%
...............
Checking optimality of inactive variables  re-activated: 0

Done! 2778 iterations

Number of SVs (BSVs)		1131 (0)
Empirical Risk:			0 (0/66870)
L1 Loss:			0
Object value:			-0.00919823
CPU Time:			00:00:47


Learning B-M vs B-Y 0 (/home/is/daiki-ku/opt/bin/svm_learn -t 1 -d 2 -c 1 ./result/train_svm_4.svmdata.37977 ./result/train_svm_4.svmmodel.37977)
TinySVM - tiny SVM package
Copyright (C) 2000-2002 Taku Kudo, All rights reserved.

   310 examples, cache size: 620
....
Checking optimality of inactive variables  re-activated: 0

Done! 201 iterations

Number of SVs (BSVs)		74 (0)
Empirical Risk:			0 (0/310)
L1 Loss:			0
Object value:			-0.00353374
CPU Time:			00:00:00


Learning B-M vs I-A 0 (/home/is/daiki-ku/opt/bin/svm_learn -t 1 -d 2 -c 1 ./result/train_svm_4.svmdata.37977 ./result/train_svm_4.svmmodel.37977)
TinySVM - tiny SVM package
Copyright (C) 2000-2002 Taku Kudo, All rights reserved.

   376 examples, cache size: 752
.......
Checking optimality of inactive variables  re-activated: 0

Done! 383 iterations

Number of SVs (BSVs)		132 (0)
Empirical Risk:			0 (0/376)
L1 Loss:			0
Object value:			-0.00273698
CPU Time:			00:00:00


Learning B-M vs I-B 0 (/home/is/daiki-ku/opt/bin/svm_learn -t 1 -d 2 -c 1 ./result/train_svm_4.svmdata.37977 ./result/train_svm_4.svmmodel.37977)
TinySVM - tiny SVM package
Copyright (C) 2000-2002 Taku Kudo, All rights reserved.

   625 examples, cache size: 1250
...............
Checking optimality of inactive variables  re-activated: 0

Done! 774 iterations

Number of SVs (BSVs)		279 (0)
Empirical Risk:			0 (0/625)
L1 Loss:			0
Object value:			-0.00336124
CPU Time:			00:00:00


Learning B-M vs I-C 0 (/home/is/daiki-ku/opt/bin/svm_learn -t 1 -d 2 -c 1 ./result/train_svm_4.svmdata.37977 ./result/train_svm_4.svmmodel.37977)
TinySVM - tiny SVM package
Copyright (C) 2000-2002 Taku Kudo, All rights reserved.

  1000 examples, cache size: 1524
.................
Checking optimality of inactive variables  re-activated: 0

Done! 891 iterations

Number of SVs (BSVs)		317 (0)
Empirical Risk:			0 (0/1000)
L1 Loss:			0
Object value:			-0.00384567
CPU Time:			00:00:00


Learning B-M vs I-F 0 (/home/is/daiki-ku/opt/bin/svm_learn -t 1 -d 2 -c 1 ./result/train_svm_4.svmdata.37977 ./result/train_svm_4.svmmodel.37977)
TinySVM - tiny SVM package
Copyright (C) 2000-2002 Taku Kudo, All rights reserved.

  1628 examples, cache size: 1950
..................
Checking optimality of inactive variables  re-activated: 0

Done! 911 iterations

Number of SVs (BSVs)		350 (0)
Empirical Risk:			0 (0/1628)
L1 Loss:			0
Object value:			-0.00365431
CPU Time:			00:00:00


Learning B-M vs I-M 0 (/home/is/daiki-ku/opt/bin/svm_learn -t 1 -d 2 -c 1 ./result/train_svm_4.svmdata.37977 ./result/train_svm_4.svmmodel.37977)
TinySVM - tiny SVM package
Copyright (C) 2000-2002 Taku Kudo, All rights reserved.

   688 examples, cache size: 1376
...............
Checking optimality of inactive variables  re-activated: 0

Done! 776 iterations

Number of SVs (BSVs)		291 (0)
Empirical Risk:			0 (0/688)
L1 Loss:			0
Object value:			-0.00343877
CPU Time:			00:00:00


Learning B-M vs I-Y 0 (/home/is/daiki-ku/opt/bin/svm_learn -t 1 -d 2 -c 1 ./result/train_svm_4.svmdata.37977 ./result/train_svm_4.svmmodel.37977)
TinySVM - tiny SVM package
Copyright (C) 2000-2002 Taku Kudo, All rights reserved.

   314 examples, cache size: 628
....
Checking optimality of inactive variables  re-activated: 0

Done! 242 iterations

Number of SVs (BSVs)		111 (0)
Empirical Risk:			0 (0/314)
L1 Loss:			0
Object value:			-0.00160962
CPU Time:			00:00:00


Learning B-M vs O 0 (/home/is/daiki-ku/opt/bin/svm_learn -t 1 -d 2 -c 1 ./result/train_svm_4.svmdata.37977 ./result/train_svm_4.svmmodel.37977)
TinySVM - tiny SVM package
Copyright (C) 2000-2002 Taku Kudo, All rights reserved.

 66333 examples, cache size: 576
....................   1000  66333   576 0.0096  58.7%  58.7%
....................   2000  66333   576 0.0011  62.0%  60.4%

Checking optimality of inactive variables  re-activated: 0

Done! 2001 iterations

Number of SVs (BSVs)		901 (0)
Empirical Risk:			0 (0/66333)
L1 Loss:			0
Object value:			-0.00870781
CPU Time:			00:00:28


Learning B-Y vs I-A 0 (/home/is/daiki-ku/opt/bin/svm_learn -t 1 -d 2 -c 1 ./result/train_svm_4.svmdata.37977 ./result/train_svm_4.svmmodel.37977)
TinySVM - tiny SVM package
Copyright (C) 2000-2002 Taku Kudo, All rights reserved.

    86 examples, cache size: 172
...
Checking optimality of inactive variables  re-activated: 0

Done! 161 iterations

Number of SVs (BSVs)		51 (0)
Empirical Risk:			0 (0/86)
L1 Loss:			0
Object value:			-0.00120673
CPU Time:			00:00:00


Learning B-Y vs I-B 0 (/home/is/daiki-ku/opt/bin/svm_learn -t 1 -d 2 -c 1 ./result/train_svm_4.svmdata.37977 ./result/train_svm_4.svmmodel.37977)
TinySVM - tiny SVM package
Copyright (C) 2000-2002 Taku Kudo, All rights reserved.

   335 examples, cache size: 670
.....
Checking optimality of inactive variables  re-activated: 0

Done! 296 iterations

Number of SVs (BSVs)		126 (0)
Empirical Risk:			0 (0/335)
L1 Loss:			0
Object value:			-0.00130155
CPU Time:			00:00:00


Learning B-Y vs I-C 0 (/home/is/daiki-ku/opt/bin/svm_learn -t 1 -d 2 -c 1 ./result/train_svm_4.svmdata.37977 ./result/train_svm_4.svmmodel.37977)
TinySVM - tiny SVM package
Copyright (C) 2000-2002 Taku Kudo, All rights reserved.

   710 examples, cache size: 1420
......
Checking optimality of inactive variables  re-activated: 0

Done! 304 iterations

Number of SVs (BSVs)		139 (0)
Empirical Risk:			0 (0/710)
L1 Loss:			0
Object value:			-0.00139486
CPU Time:			00:00:00


Learning B-Y vs I-F 0 (/home/is/daiki-ku/opt/bin/svm_learn -t 1 -d 2 -c 1 ./result/train_svm_4.svmdata.37977 ./result/train_svm_4.svmmodel.37977)
TinySVM - tiny SVM package
Copyright (C) 2000-2002 Taku Kudo, All rights reserved.

  1338 examples, cache size: 1729
.......
Checking optimality of inactive variables  re-activated: 0

Done! 375 iterations

Number of SVs (BSVs)		203 (0)
Empirical Risk:			0 (0/1338)
L1 Loss:			0
Object value:			-0.00136109
CPU Time:			00:00:00


Learning B-Y vs I-M 0 (/home/is/daiki-ku/opt/bin/svm_learn -t 1 -d 2 -c 1 ./result/train_svm_4.svmdata.37977 ./result/train_svm_4.svmmodel.37977)
TinySVM - tiny SVM package
Copyright (C) 2000-2002 Taku Kudo, All rights reserved.

   398 examples, cache size: 796
......
Checking optimality of inactive variables  re-activated: 0

Done! 312 iterations

Number of SVs (BSVs)		162 (0)
Empirical Risk:			0 (0/398)
L1 Loss:			0
Object value:			-0.00132298
CPU Time:			00:00:00


Learning B-Y vs I-Y 0 (/home/is/daiki-ku/opt/bin/svm_learn -t 1 -d 2 -c 1 ./result/train_svm_4.svmdata.37977 ./result/train_svm_4.svmmodel.37977)
TinySVM - tiny SVM package
Copyright (C) 2000-2002 Taku Kudo, All rights reserved.

    24 examples, cache size: 48
.
Checking optimality of inactive variables  re-activated: 0

Done! 64 iterations

Number of SVs (BSVs)		24 (0)
Empirical Risk:			0 (0/24)
L1 Loss:			0
Object value:			-0.00094352
CPU Time:			00:00:00


Learning B-Y vs O 0 (/home/is/daiki-ku/opt/bin/svm_learn -t 1 -d 2 -c 1 ./result/train_svm_4.svmdata.37977 ./result/train_svm_4.svmmodel.37977)
TinySVM - tiny SVM package
Copyright (C) 2000-2002 Taku Kudo, All rights reserved.

 66043 examples, cache size: 578
...
Checking optimality of inactive variables  re-activated: 0

Done! 199 iterations

Number of SVs (BSVs)		105 (0)
Empirical Risk:			0 (0/66043)
L1 Loss:			0
Object value:			-0.00331363
CPU Time:			00:00:01


Learning I-A vs I-B 0 (/home/is/daiki-ku/opt/bin/svm_learn -t 1 -d 2 -c 1 ./result/train_svm_4.svmdata.37977 ./result/train_svm_4.svmmodel.37977)
TinySVM - tiny SVM package
Copyright (C) 2000-2002 Taku Kudo, All rights reserved.

   401 examples, cache size: 802
.................
Checking optimality of inactive variables  re-activated: 0

Done! 879 iterations

Number of SVs (BSVs)		191 (0)
Empirical Risk:			0 (0/401)
L1 Loss:			0
Object value:			-0.00866311
CPU Time:			00:00:00


Learning I-A vs I-C 0 (/home/is/daiki-ku/opt/bin/svm_learn -t 1 -d 2 -c 1 ./result/train_svm_4.svmdata.37977 ./result/train_svm_4.svmmodel.37977)
TinySVM - tiny SVM package
Copyright (C) 2000-2002 Taku Kudo, All rights reserved.

   776 examples, cache size: 1451
....................   1000    776  1451 0.0014  89.2%  89.2%
.
Checking optimality of inactive variables  re-activated: 0

Done! 1069 iterations

Number of SVs (BSVs)		214 (0)
Empirical Risk:			0 (0/776)
L1 Loss:			0
Object value:			-0.0123868
CPU Time:			00:00:00


Learning I-A vs I-F 0 (/home/is/daiki-ku/opt/bin/svm_learn -t 1 -d 2 -c 1 ./result/train_svm_4.svmdata.37977 ./result/train_svm_4.svmmodel.37977)
TinySVM - tiny SVM package
Copyright (C) 2000-2002 Taku Kudo, All rights reserved.

  1404 examples, cache size: 1777
....................   1000   1404  1777 0.0034  83.2%  83.2%
........
Checking optimality of inactive variables  re-activated: 0

Done! 1433 iterations

Number of SVs (BSVs)		347 (0)
Empirical Risk:			0 (0/1404)
L1 Loss:			0
Object value:			-0.0111702
CPU Time:			00:00:00


Learning I-A vs I-M 0 (/home/is/daiki-ku/opt/bin/svm_learn -t 1 -d 2 -c 1 ./result/train_svm_4.svmdata.37977 ./result/train_svm_4.svmmodel.37977)
TinySVM - tiny SVM package
Copyright (C) 2000-2002 Taku Kudo, All rights reserved.

   464 examples, cache size: 928
...............
Checking optimality of inactive variables  re-activated: 0

Done! 759 iterations

Number of SVs (BSVs)		208 (0)
Empirical Risk:			0 (0/464)
L1 Loss:			0
Object value:			-0.00648106
CPU Time:			00:00:00


Learning I-A vs I-Y 0 (/home/is/daiki-ku/opt/bin/svm_learn -t 1 -d 2 -c 1 ./result/train_svm_4.svmdata.37977 ./result/train_svm_4.svmmodel.37977)
TinySVM - tiny SVM package
Copyright (C) 2000-2002 Taku Kudo, All rights reserved.

    90 examples, cache size: 180
...
Checking optimality of inactive variables  re-activated: 0

Done! 153 iterations

Number of SVs (BSVs)		53 (0)
Empirical Risk:			0 (0/90)
L1 Loss:			0
Object value:			-0.0018916
CPU Time:			00:00:00


Learning I-A vs O 0 (/home/is/daiki-ku/opt/bin/svm_learn -t 1 -d 2 -c 1 ./result/train_svm_4.svmdata.37977 ./result/train_svm_4.svmmodel.37977)
TinySVM - tiny SVM package
Copyright (C) 2000-2002 Taku Kudo, All rights reserved.

 66109 examples, cache size: 578
....................   1000  66109   578 0.0015  83.6%  83.5%
.
Checking optimality of inactive variables  re-activated: 0

Done! 1083 iterations

Number of SVs (BSVs)		327 (0)
Empirical Risk:			0 (0/66109)
L1 Loss:			0
Object value:			-0.00984465
CPU Time:			00:00:06


Learning I-B vs I-C 0 (/home/is/daiki-ku/opt/bin/svm_learn -t 1 -d 2 -c 1 ./result/train_svm_4.svmdata.37977 ./result/train_svm_4.svmmodel.37977)
TinySVM - tiny SVM package
Copyright (C) 2000-2002 Taku Kudo, All rights reserved.

  1025 examples, cache size: 1536
....................   1000   1025  1536 0.0254  73.4%  73.4%
....................   2000   1025  1536 0.0032  97.8%  85.6%
................
Checking optimality of inactive variables  re-activated: 0

Done! 2839 iterations

Number of SVs (BSVs)		581 (0)
Empirical Risk:			0 (0/1025)
L1 Loss:			0
Object value:			-0.0228392
CPU Time:			00:00:00


Learning I-B vs I-F 0 (/home/is/daiki-ku/opt/bin/svm_learn -t 1 -d 2 -c 1 ./result/train_svm_4.svmdata.37977 ./result/train_svm_4.svmmodel.37977)
TinySVM - tiny SVM package
Copyright (C) 2000-2002 Taku Kudo, All rights reserved.

  1653 examples, cache size: 1970
....................   1000   1653  1970 0.0331  67.3%  67.3%
....................   2000   1653  1970 0.0128  94.9%  81.1%
....................   3000   1653  1970 0.0054  98.0%  86.7%
....................   4000   1653  1970 0.0033  99.3%  89.9%
....................   5000   1653  1970 0.0021  99.2%  91.7%
....................   6000   1653  1970 0.0011  99.7%  93.0%
...
Checking optimality of inactive variables  re-activated: 0

Done! 6159 iterations

Number of SVs (BSVs)		817 (0)
Empirical Risk:			0 (0/1653)
L1 Loss:			0
Object value:			-0.0266012
CPU Time:			00:00:00


Learning I-B vs I-M 0 (/home/is/daiki-ku/opt/bin/svm_learn -t 1 -d 2 -c 1 ./result/train_svm_4.svmdata.37977 ./result/train_svm_4.svmmodel.37977)
TinySVM - tiny SVM package
Copyright (C) 2000-2002 Taku Kudo, All rights reserved.

   713 examples, cache size: 1426
....................   1000    713  1426 0.0089  78.1%  78.0%
....................   2000    713  1426 0.0015  99.3%  88.7%
..
Checking optimality of inactive variables  re-activated: 0

Done! 2116 iterations

Number of SVs (BSVs)		449 (0)
Empirical Risk:			0 (0/713)
L1 Loss:			0
Object value:			-0.020328
CPU Time:			00:00:00


Learning I-B vs I-Y 0 (/home/is/daiki-ku/opt/bin/svm_learn -t 1 -d 2 -c 1 ./result/train_svm_4.svmdata.37977 ./result/train_svm_4.svmmodel.37977)
TinySVM - tiny SVM package
Copyright (C) 2000-2002 Taku Kudo, All rights reserved.

   339 examples, cache size: 678
.....
Checking optimality of inactive variables  re-activated: 0

Done! 256 iterations

Number of SVs (BSVs)		98 (0)
Empirical Risk:			0 (0/339)
L1 Loss:			0
Object value:			-0.00284484
CPU Time:			00:00:00


Learning I-B vs O 0 (/home/is/daiki-ku/opt/bin/svm_learn -t 1 -d 2 -c 1 ./result/train_svm_4.svmdata.37977 ./result/train_svm_4.svmmodel.37977)
TinySVM - tiny SVM package
Copyright (C) 2000-2002 Taku Kudo, All rights reserved.

 66358 examples, cache size: 575
....................   1000  66358   575 0.0141  68.6%  68.6%
....................   2000  66358   575 0.0022  88.0%  78.3%
........
Checking optimality of inactive variables  re-activated: 0

Done! 2403 iterations

Number of SVs (BSVs)		675 (0)
Empirical Risk:			0 (0/66358)
L1 Loss:			0
Object value:			-0.0177769
CPU Time:			00:00:18


Learning I-C vs I-F 0 (/home/is/daiki-ku/opt/bin/svm_learn -t 1 -d 2 -c 1 ./result/train_svm_4.svmdata.37977 ./result/train_svm_4.svmmodel.37977)
TinySVM - tiny SVM package
Copyright (C) 2000-2002 Taku Kudo, All rights reserved.

  2028 examples, cache size: 2286
....................   1000   2028  2286 0.0555  63.2%  63.1%
....................   2000   2028  2286 0.0205  91.6%  77.3%
....................   3000   2028  2286 0.0114  95.7%  83.5%
....................   4000   2028  2286 0.0044  97.6%  87.0%
....................   5000   2028  2286 0.0025  98.8%  89.4%
....................   6000   2028  2286 0.0014  99.8%  91.1%
...........
Checking optimality of inactive variables  re-activated: 0

Done! 6592 iterations

Number of SVs (BSVs)		1039 (0)
Empirical Risk:			0 (0/2028)
L1 Loss:			0
Object value:			-0.0295842
CPU Time:			00:00:00


Learning I-C vs I-M 0 (/home/is/daiki-ku/opt/bin/svm_learn -t 1 -d 2 -c 1 ./result/train_svm_4.svmdata.37977 ./result/train_svm_4.svmmodel.37977)
TinySVM - tiny SVM package
Copyright (C) 2000-2002 Taku Kudo, All rights reserved.

  1088 examples, cache size: 1569
....................   1000   1088  1569 0.0204  73.7%  73.7%
....................   2000   1088  1569 0.0039  97.9%  85.8%
....................   3000   1088  1569 0.0011  99.8%  90.5%

Checking optimality of inactive variables  re-activated: 0

Done! 3004 iterations

Number of SVs (BSVs)		567 (0)
Empirical Risk:			0 (0/1088)
L1 Loss:			0
Object value:			-0.0246726
CPU Time:			00:00:00


Learning I-C vs I-Y 0 (/home/is/daiki-ku/opt/bin/svm_learn -t 1 -d 2 -c 1 ./result/train_svm_4.svmdata.37977 ./result/train_svm_4.svmmodel.37977)
TinySVM - tiny SVM package
Copyright (C) 2000-2002 Taku Kudo, All rights reserved.

   714 examples, cache size: 1428
.....
Checking optimality of inactive variables  re-activated: 0

Done! 295 iterations

Number of SVs (BSVs)		119 (0)
Empirical Risk:			0 (0/714)
L1 Loss:			0
Object value:			-0.00459839
CPU Time:			00:00:00


Learning I-C vs O 0 (/home/is/daiki-ku/opt/bin/svm_learn -t 1 -d 2 -c 1 ./result/train_svm_4.svmdata.37977 ./result/train_svm_4.svmmodel.37977)
TinySVM - tiny SVM package
Copyright (C) 2000-2002 Taku Kudo, All rights reserved.

 66733 examples, cache size: 572
....................   1000  66733   572 0.0216  57.6%  57.5%
....................   2000  66733   572 0.0049  67.6%  62.6%
....................   3000  66583   572 0.0018  67.0%  64.1%
......
Checking optimality of inactive variables  re-activated: 0

Done! 3345 iterations

Number of SVs (BSVs)		935 (0)
Empirical Risk:			0 (0/66733)
L1 Loss:			0
Object value:			-0.0227417
CPU Time:			00:00:44


Learning I-F vs I-M 0 (/home/is/daiki-ku/opt/bin/svm_learn -t 1 -d 2 -c 1 ./result/train_svm_4.svmdata.37977 ./result/train_svm_4.svmmodel.37977)
TinySVM - tiny SVM package
Copyright (C) 2000-2002 Taku Kudo, All rights reserved.

  1716 examples, cache size: 2021
....................   1000   1716  2021 0.0314  72.1%  72.1%
....................   2000   1716  2021 0.0099  95.9%  84.0%
....................   3000   1716  2021 0.0044  98.5%  88.8%
....................   4000   1716  2021 0.0024  99.3%  91.5%
.................
Checking optimality of inactive variables  re-activated: 0

Done! 4890 iterations

Number of SVs (BSVs)		677 (0)
Empirical Risk:			0 (0/1716)
L1 Loss:			0
Object value:			-0.0273696
CPU Time:			00:00:00


Learning I-F vs I-Y 0 (/home/is/daiki-ku/opt/bin/svm_learn -t 1 -d 2 -c 1 ./result/train_svm_4.svmdata.37977 ./result/train_svm_4.svmmodel.37977)
TinySVM - tiny SVM package
Copyright (C) 2000-2002 Taku Kudo, All rights reserved.

  1342 examples, cache size: 1732
.......
Checking optimality of inactive variables  re-activated: 0

Done! 386 iterations

Number of SVs (BSVs)		159 (0)
Empirical Risk:			0 (0/1342)
L1 Loss:			0
Object value:			-0.00428246
CPU Time:			00:00:00


Learning I-F vs O 0 (/home/is/daiki-ku/opt/bin/svm_learn -t 1 -d 2 -c 1 ./result/train_svm_4.svmdata.37977 ./result/train_svm_4.svmmodel.37977)
TinySVM - tiny SVM package
Copyright (C) 2000-2002 Taku Kudo, All rights reserved.

 67361 examples, cache size: 567
....................   1000  67361   567 0.0323  48.7%  48.6%
....................   2000  67361   567 0.0084  51.5%  50.0%
....................   3000  67105   567 0.0038  53.0%  51.0%
....................   4000  60711   624 0.0017  52.1%  51.3%
.....
Checking optimality of inactive variables  re-activated: 0

Done! 4262 iterations

Number of SVs (BSVs)		1211 (0)
Empirical Risk:			0 (0/67361)
L1 Loss:			0
Object value:			-0.0225742
CPU Time:			00:01:21


Learning I-M vs I-Y 0 (/home/is/daiki-ku/opt/bin/svm_learn -t 1 -d 2 -c 1 ./result/train_svm_4.svmdata.37977 ./result/train_svm_4.svmmodel.37977)
TinySVM - tiny SVM package
Copyright (C) 2000-2002 Taku Kudo, All rights reserved.

   402 examples, cache size: 804
.....
Checking optimality of inactive variables  re-activated: 0

Done! 296 iterations

Number of SVs (BSVs)		104 (0)
Empirical Risk:			0 (0/402)
L1 Loss:			0
Object value:			-0.00489241
CPU Time:			00:00:00


Learning I-M vs O 0 (/home/is/daiki-ku/opt/bin/svm_learn -t 1 -d 2 -c 1 ./result/train_svm_4.svmdata.37977 ./result/train_svm_4.svmmodel.37977)
TinySVM - tiny SVM package
Copyright (C) 2000-2002 Taku Kudo, All rights reserved.

 66421 examples, cache size: 575
....................   1000  66421   575 0.0142  65.5%  65.5%
....................   2000  66421   575 0.0025  79.8%  72.7%
........
Checking optimality of inactive variables  re-activated: 0

Done! 2413 iterations

Number of SVs (BSVs)		743 (0)
Empirical Risk:			0 (0/66421)
L1 Loss:			0
Object value:			-0.0166401
CPU Time:			00:00:23


Learning I-Y vs O 0 (/home/is/daiki-ku/opt/bin/svm_learn -t 1 -d 2 -c 1 ./result/train_svm_4.svmdata.37977 ./result/train_svm_4.svmmodel.37977)
TinySVM - tiny SVM package
Copyright (C) 2000-2002 Taku Kudo, All rights reserved.

 66047 examples, cache size: 578
.....
Checking optimality of inactive variables  re-activated: 0

Done! 285 iterations

Number of SVs (BSVs)		139 (0)
Empirical Risk:			0 (0/66047)
L1 Loss:			0
Object value:			-0.00445184
CPU Time:			00:00:02
